{"C:\\Users\\mdaya\\Desktop\\MUBARAK WEBAPP\\backend\\server.js": {"path":"C:\\Users\\mdaya\\Desktop\\MUBARAK WEBAPP\\backend\\server.js","statementMap":{"0":{"start":{"line":1,"column":15},"end":{"line":1,"column":32}},"1":{"start":{"line":2,"column":0},"end":{"line":2,"column":16}},"2":{"start":{"line":4,"column":16},"end":{"line":4,"column":34}},"3":{"start":{"line":5,"column":13},"end":{"line":5,"column":28}},"4":{"start":{"line":6,"column":15},"end":{"line":6,"column":32}},"5":{"start":{"line":7,"column":15},"end":{"line":7,"column":32}},"6":{"start":{"line":8,"column":21},"end":{"line":8,"column":45}},"7":{"start":{"line":9,"column":18},"end":{"line":9,"column":40}},"8":{"start":{"line":12,"column":0},"end":{"line":14,"column":1}},"9":{"start":{"line":13,"column":4},"end":{"line":13,"column":16}},"10":{"start":{"line":16,"column":12},"end":{"line":16,"column":21}},"11":{"start":{"line":19,"column":0},"end":{"line":19,"column":76}},"12":{"start":{"line":20,"column":0},"end":{"line":20,"column":18}},"13":{"start":{"line":21,"column":0},"end":{"line":21,"column":23}},"14":{"start":{"line":22,"column":0},"end":{"line":22,"column":24}},"15":{"start":{"line":23,"column":0},"end":{"line":23,"column":48}},"16":{"start":{"line":24,"column":0},"end":{"line":24,"column":24}},"17":{"start":{"line":27,"column":0},"end":{"line":29,"column":3}},"18":{"start":{"line":28,"column":4},"end":{"line":28,"column":69}},"19":{"start":{"line":32,"column":0},"end":{"line":32,"column":53}},"20":{"start":{"line":35,"column":0},"end":{"line":35,"column":56}},"21":{"start":{"line":38,"column":0},"end":{"line":38,"column":60}},"22":{"start":{"line":41,"column":0},"end":{"line":41,"column":56}},"23":{"start":{"line":44,"column":0},"end":{"line":44,"column":61}},"24":{"start":{"line":45,"column":0},"end":{"line":45,"column":61}},"25":{"start":{"line":49,"column":0},"end":{"line":49,"column":49}},"26":{"start":{"line":53,"column":13},"end":{"line":53,"column":37}},"27":{"start":{"line":54,"column":13},"end":{"line":54,"column":28}},"28":{"start":{"line":55,"column":23},"end":{"line":55,"column":48}},"29":{"start":{"line":57,"column":15},"end":{"line":57,"column":37}},"30":{"start":{"line":60,"column":0},"end":{"line":60,"column":19}},"31":{"start":{"line":63,"column":0},"end":{"line":67,"column":1}},"32":{"start":{"line":64,"column":4},"end":{"line":66,"column":7}},"33":{"start":{"line":65,"column":8},"end":{"line":65,"column":81}},"34":{"start":{"line":70,"column":0},"end":{"line":70,"column":21}}},"fnMap":{"0":{"name":"(anonymous_0)","decl":{"start":{"line":27,"column":13},"end":{"line":27,"column":14}},"loc":{"start":{"line":27,"column":27},"end":{"line":29,"column":1}},"line":27},"1":{"name":"(anonymous_1)","decl":{"start":{"line":64,"column":24},"end":{"line":64,"column":25}},"loc":{"start":{"line":64,"column":30},"end":{"line":66,"column":5}},"line":64}},"branchMap":{"0":{"loc":{"start":{"line":12,"column":0},"end":{"line":14,"column":1}},"type":"if","locations":[{"start":{"line":12,"column":0},"end":{"line":14,"column":1}},{"start":{},"end":{}}],"line":12},"1":{"loc":{"start":{"line":19,"column":23},"end":{"line":19,"column":52}},"type":"binary-expr","locations":[{"start":{"line":19,"column":23},"end":{"line":19,"column":45}},{"start":{"line":19,"column":49},"end":{"line":19,"column":52}}],"line":19},"2":{"loc":{"start":{"line":53,"column":13},"end":{"line":53,"column":37}},"type":"binary-expr","locations":[{"start":{"line":53,"column":13},"end":{"line":53,"column":29}},{"start":{"line":53,"column":33},"end":{"line":53,"column":37}}],"line":53},"3":{"loc":{"start":{"line":63,"column":0},"end":{"line":67,"column":1}},"type":"if","locations":[{"start":{"line":63,"column":0},"end":{"line":67,"column":1}},{"start":{},"end":{}}],"line":63}},"s":{"0":5,"1":5,"2":5,"3":5,"4":5,"5":5,"6":5,"7":5,"8":5,"9":0,"10":5,"11":5,"12":5,"13":5,"14":5,"15":5,"16":5,"17":5,"18":0,"19":5,"20":5,"21":5,"22":5,"23":5,"24":5,"25":5,"26":5,"27":5,"28":5,"29":5,"30":5,"31":5,"32":0,"33":0,"34":5},"f":{"0":0,"1":0},"b":{"0":[0,5],"1":[5,0],"2":[5,0],"3":[0,5]},"_coverageSchema":"1a1c01bbd47fc00a2c39e90264f33305004495a9","hash":"4b12bb325a6c5668414593fe22d8cfcbcb79b63b"}
,"C:\\Users\\mdaya\\Desktop\\MUBARAK WEBAPP\\backend\\config\\db.js": {"path":"C:\\Users\\mdaya\\Desktop\\MUBARAK WEBAPP\\backend\\config\\db.js","statementMap":{"0":{"start":{"line":1,"column":17},"end":{"line":1,"column":36}},"1":{"start":{"line":3,"column":18},"end":{"line":19,"column":1}},"2":{"start":{"line":4,"column":2},"end":{"line":4,"column":50}},"3":{"start":{"line":4,"column":43},"end":{"line":4,"column":50}},"4":{"start":{"line":6,"column":2},"end":{"line":18,"column":3}},"5":{"start":{"line":7,"column":16},"end":{"line":9,"column":29}},"6":{"start":{"line":11,"column":17},"end":{"line":11,"column":44}},"7":{"start":{"line":12,"column":4},"end":{"line":12,"column":62}},"8":{"start":{"line":14,"column":4},"end":{"line":14,"column":53}},"9":{"start":{"line":15,"column":4},"end":{"line":17,"column":5}},"10":{"start":{"line":16,"column":6},"end":{"line":16,"column":22}},"11":{"start":{"line":21,"column":0},"end":{"line":21,"column":27}}},"fnMap":{"0":{"name":"(anonymous_0)","decl":{"start":{"line":3,"column":18},"end":{"line":3,"column":19}},"loc":{"start":{"line":3,"column":30},"end":{"line":19,"column":1}},"line":3}},"branchMap":{"0":{"loc":{"start":{"line":4,"column":2},"end":{"line":4,"column":50}},"type":"if","locations":[{"start":{"line":4,"column":2},"end":{"line":4,"column":50}},{"start":{},"end":{}}],"line":4},"1":{"loc":{"start":{"line":7,"column":16},"end":{"line":9,"column":29}},"type":"cond-expr","locations":[{"start":{"line":8,"column":9},"end":{"line":8,"column":79}},{"start":{"line":9,"column":8},"end":{"line":9,"column":29}}],"line":7},"2":{"loc":{"start":{"line":8,"column":9},"end":{"line":8,"column":79}},"type":"binary-expr","locations":[{"start":{"line":8,"column":9},"end":{"line":8,"column":35}},{"start":{"line":8,"column":39},"end":{"line":8,"column":79}}],"line":8},"3":{"loc":{"start":{"line":15,"column":4},"end":{"line":17,"column":5}},"type":"if","locations":[{"start":{"line":15,"column":4},"end":{"line":17,"column":5}},{"start":{},"end":{}}],"line":15}},"s":{"0":5,"1":5,"2":0,"3":0,"4":0,"5":0,"6":0,"7":0,"8":0,"9":0,"10":0,"11":5},"f":{"0":0},"b":{"0":[0,0],"1":[0,0],"2":[0,0],"3":[0,0]},"_coverageSchema":"1a1c01bbd47fc00a2c39e90264f33305004495a9","hash":"11a7313f0454c54f80505483b7b8d3ea4fb416fe"}
,"C:\\Users\\mdaya\\Desktop\\MUBARAK WEBAPP\\backend\\controllers\\authController.js": {"path":"C:\\Users\\mdaya\\Desktop\\MUBARAK WEBAPP\\backend\\controllers\\authController.js","statementMap":{"0":{"start":{"line":1,"column":21},"end":{"line":1,"column":53}},"1":{"start":{"line":2,"column":20},"end":{"line":2,"column":54}},"2":{"start":{"line":3,"column":13},"end":{"line":3,"column":38}},"3":{"start":{"line":7,"column":21},"end":{"line":23,"column":2}},"4":{"start":{"line":8,"column":24},"end":{"line":8,"column":32}},"5":{"start":{"line":9,"column":19},"end":{"line":9,"column":58}},"6":{"start":{"line":11,"column":4},"end":{"line":16,"column":7}},"7":{"start":{"line":18,"column":4},"end":{"line":22,"column":7}},"8":{"start":{"line":27,"column":19},"end":{"line":36,"column":2}},"9":{"start":{"line":28,"column":32},"end":{"line":28,"column":40}},"10":{"start":{"line":29,"column":19},"end":{"line":29,"column":64}},"11":{"start":{"line":31,"column":4},"end":{"line":35,"column":7}},"12":{"start":{"line":39,"column":14},"end":{"line":46,"column":2}},"13":{"start":{"line":40,"column":17},"end":{"line":40,"column":91}},"14":{"start":{"line":41,"column":4},"end":{"line":44,"column":5}},"15":{"start":{"line":42,"column":8},"end":{"line":42,"column":24}},"16":{"start":{"line":43,"column":8},"end":{"line":43,"column":42}},"17":{"start":{"line":45,"column":4},"end":{"line":45,"column":56}},"18":{"start":{"line":49,"column":17},"end":{"line":52,"column":2}},"19":{"start":{"line":50,"column":18},"end":{"line":50,"column":55}},"20":{"start":{"line":51,"column":4},"end":{"line":51,"column":78}},"21":{"start":{"line":55,"column":19},"end":{"line":58,"column":2}},"22":{"start":{"line":56,"column":17},"end":{"line":56,"column":55}},"23":{"start":{"line":57,"column":4},"end":{"line":57,"column":56}},"24":{"start":{"line":61,"column":19},"end":{"line":69,"column":2}},"25":{"start":{"line":62,"column":17},"end":{"line":62,"column":51}},"26":{"start":{"line":63,"column":4},"end":{"line":66,"column":5}},"27":{"start":{"line":64,"column":8},"end":{"line":64,"column":24}},"28":{"start":{"line":65,"column":8},"end":{"line":65,"column":42}},"29":{"start":{"line":67,"column":4},"end":{"line":67,"column":27}},"30":{"start":{"line":68,"column":4},"end":{"line":68,"column":69}},"31":{"start":{"line":72,"column":27},"end":{"line":80,"column":2}},"32":{"start":{"line":73,"column":29},"end":{"line":73,"column":40}},"33":{"start":{"line":74,"column":4},"end":{"line":77,"column":5}},"34":{"start":{"line":75,"column":8},"end":{"line":75,"column":24}},"35":{"start":{"line":76,"column":8},"end":{"line":76,"column":51}},"36":{"start":{"line":78,"column":19},"end":{"line":78,"column":69}},"37":{"start":{"line":79,"column":4},"end":{"line":79,"column":71}},"38":{"start":{"line":83,"column":23},"end":{"line":118,"column":2}},"39":{"start":{"line":84,"column":84},"end":{"line":84,"column":92}},"40":{"start":{"line":86,"column":18},"end":{"line":86,"column":44}},"41":{"start":{"line":89,"column":17},"end":{"line":94,"column":6}},"42":{"start":{"line":97,"column":18},"end":{"line":105,"column":6}},"43":{"start":{"line":108,"column":4},"end":{"line":108,"column":30}},"44":{"start":{"line":109,"column":4},"end":{"line":109,"column":22}},"45":{"start":{"line":111,"column":4},"end":{"line":117,"column":7}},"46":{"start":{"line":120,"column":0},"end":{"line":129,"column":2}}},"fnMap":{"0":{"name":"(anonymous_0)","decl":{"start":{"line":7,"column":34},"end":{"line":7,"column":35}},"loc":{"start":{"line":7,"column":54},"end":{"line":23,"column":1}},"line":7},"1":{"name":"(anonymous_1)","decl":{"start":{"line":27,"column":32},"end":{"line":27,"column":33}},"loc":{"start":{"line":27,"column":52},"end":{"line":36,"column":1}},"line":27},"2":{"name":"(anonymous_2)","decl":{"start":{"line":39,"column":27},"end":{"line":39,"column":28}},"loc":{"start":{"line":39,"column":47},"end":{"line":46,"column":1}},"line":39},"3":{"name":"(anonymous_3)","decl":{"start":{"line":49,"column":30},"end":{"line":49,"column":31}},"loc":{"start":{"line":49,"column":50},"end":{"line":52,"column":1}},"line":49},"4":{"name":"(anonymous_4)","decl":{"start":{"line":55,"column":32},"end":{"line":55,"column":33}},"loc":{"start":{"line":55,"column":52},"end":{"line":58,"column":1}},"line":55},"5":{"name":"(anonymous_5)","decl":{"start":{"line":61,"column":32},"end":{"line":61,"column":33}},"loc":{"start":{"line":61,"column":52},"end":{"line":69,"column":1}},"line":61},"6":{"name":"(anonymous_6)","decl":{"start":{"line":72,"column":40},"end":{"line":72,"column":41}},"loc":{"start":{"line":72,"column":60},"end":{"line":80,"column":1}},"line":72},"7":{"name":"(anonymous_7)","decl":{"start":{"line":83,"column":36},"end":{"line":83,"column":37}},"loc":{"start":{"line":83,"column":56},"end":{"line":118,"column":1}},"line":83}},"branchMap":{"0":{"loc":{"start":{"line":41,"column":4},"end":{"line":44,"column":5}},"type":"if","locations":[{"start":{"line":41,"column":4},"end":{"line":44,"column":5}},{"start":{},"end":{}}],"line":41},"1":{"loc":{"start":{"line":63,"column":4},"end":{"line":66,"column":5}},"type":"if","locations":[{"start":{"line":63,"column":4},"end":{"line":66,"column":5}},{"start":{},"end":{}}],"line":63},"2":{"loc":{"start":{"line":74,"column":4},"end":{"line":77,"column":5}},"type":"if","locations":[{"start":{"line":74,"column":4},"end":{"line":77,"column":5}},{"start":{},"end":{}}],"line":74},"3":{"loc":{"start":{"line":98,"column":14},"end":{"line":98,"column":47}},"type":"binary-expr","locations":[{"start":{"line":98,"column":14},"end":{"line":98,"column":26}},{"start":{"line":98,"column":30},"end":{"line":98,"column":47}}],"line":98},"4":{"loc":{"start":{"line":99,"column":22},"end":{"line":99,"column":42}},"type":"binary-expr","locations":[{"start":{"line":99,"column":22},"end":{"line":99,"column":34}},{"start":{"line":99,"column":38},"end":{"line":99,"column":42}}],"line":99}},"s":{"0":5,"1":5,"2":5,"3":5,"4":0,"5":0,"6":0,"7":0,"8":5,"9":4,"10":4,"11":2,"12":5,"13":1,"14":1,"15":0,"16":0,"17":1,"18":5,"19":1,"20":1,"21":5,"22":1,"23":1,"24":5,"25":0,"26":0,"27":0,"28":0,"29":0,"30":0,"31":5,"32":0,"33":0,"34":0,"35":0,"36":0,"37":0,"38":5,"39":0,"40":0,"41":0,"42":0,"43":0,"44":0,"45":0,"46":5},"f":{"0":0,"1":4,"2":1,"3":1,"4":1,"5":0,"6":0,"7":0},"b":{"0":[0,1],"1":[0,0],"2":[0,0],"3":[0,0],"4":[0,0]},"_coverageSchema":"1a1c01bbd47fc00a2c39e90264f33305004495a9","hash":"b4e88f0fdfd646faef485935959d5ad2d6f1182a"}
,"C:\\Users\\mdaya\\Desktop\\MUBARAK WEBAPP\\backend\\controllers\\deliveryController.js": {"path":"C:\\Users\\mdaya\\Desktop\\MUBARAK WEBAPP\\backend\\controllers\\deliveryController.js","statementMap":{"0":{"start":{"line":1,"column":21},"end":{"line":1,"column":53}},"1":{"start":{"line":2,"column":14},"end":{"line":2,"column":40}},"2":{"start":{"line":3,"column":13},"end":{"line":3,"column":38}},"3":{"start":{"line":4,"column":23},"end":{"line":4,"column":49}},"4":{"start":{"line":9,"column":26},"end":{"line":28,"column":2}},"5":{"start":{"line":10,"column":24},"end":{"line":10,"column":32}},"6":{"start":{"line":12,"column":21},"end":{"line":12,"column":61}},"7":{"start":{"line":13,"column":4},"end":{"line":16,"column":5}},"8":{"start":{"line":14,"column":8},"end":{"line":14,"column":24}},"9":{"start":{"line":15,"column":8},"end":{"line":15,"column":70}},"10":{"start":{"line":18,"column":19},"end":{"line":25,"column":31}},"11":{"start":{"line":27,"column":4},"end":{"line":27,"column":80}},"12":{"start":{"line":32,"column":29},"end":{"line":79,"column":2}},"13":{"start":{"line":33,"column":23},"end":{"line":33,"column":31}},"14":{"start":{"line":34,"column":24},"end":{"line":34,"column":32}},"15":{"start":{"line":37,"column":28},"end":{"line":37,"column":83}},"16":{"start":{"line":39,"column":4},"end":{"line":42,"column":5}},"17":{"start":{"line":40,"column":8},"end":{"line":40,"column":24}},"18":{"start":{"line":41,"column":8},"end":{"line":41,"column":82}},"19":{"start":{"line":44,"column":18},"end":{"line":48,"column":43}},"20":{"start":{"line":50,"column":4},"end":{"line":53,"column":5}},"21":{"start":{"line":51,"column":8},"end":{"line":51,"column":24}},"22":{"start":{"line":52,"column":8},"end":{"line":52,"column":66}},"23":{"start":{"line":55,"column":21},"end":{"line":60,"column":5}},"24":{"start":{"line":62,"column":4},"end":{"line":62,"column":26}},"25":{"start":{"line":63,"column":4},"end":{"line":66,"column":7}},"26":{"start":{"line":68,"column":20},"end":{"line":68,"column":38}},"27":{"start":{"line":71,"column":4},"end":{"line":76,"column":7}},"28":{"start":{"line":78,"column":4},"end":{"line":78,"column":59}},"29":{"start":{"line":83,"column":27},"end":{"line":96,"column":2}},"30":{"start":{"line":84,"column":24},"end":{"line":84,"column":32}},"31":{"start":{"line":86,"column":19},"end":{"line":93,"column":18}},"32":{"start":{"line":95,"column":4},"end":{"line":95,"column":80}},"33":{"start":{"line":98,"column":0},"end":{"line":98,"column":81}}},"fnMap":{"0":{"name":"(anonymous_0)","decl":{"start":{"line":9,"column":39},"end":{"line":9,"column":40}},"loc":{"start":{"line":9,"column":59},"end":{"line":28,"column":1}},"line":9},"1":{"name":"(anonymous_1)","decl":{"start":{"line":32,"column":42},"end":{"line":32,"column":43}},"loc":{"start":{"line":32,"column":62},"end":{"line":79,"column":1}},"line":32},"2":{"name":"(anonymous_2)","decl":{"start":{"line":83,"column":40},"end":{"line":83,"column":41}},"loc":{"start":{"line":83,"column":60},"end":{"line":96,"column":1}},"line":83}},"branchMap":{"0":{"loc":{"start":{"line":12,"column":21},"end":{"line":12,"column":61}},"type":"binary-expr","locations":[{"start":{"line":12,"column":21},"end":{"line":12,"column":41}},{"start":{"line":12,"column":45},"end":{"line":12,"column":61}}],"line":12},"1":{"loc":{"start":{"line":13,"column":4},"end":{"line":16,"column":5}},"type":"if","locations":[{"start":{"line":13,"column":4},"end":{"line":16,"column":5}},{"start":{},"end":{}}],"line":13},"2":{"loc":{"start":{"line":39,"column":4},"end":{"line":42,"column":5}},"type":"if","locations":[{"start":{"line":39,"column":4},"end":{"line":42,"column":5}},{"start":{},"end":{}}],"line":39},"3":{"loc":{"start":{"line":47,"column":18},"end":{"line":47,"column":58}},"type":"binary-expr","locations":[{"start":{"line":47,"column":18},"end":{"line":47,"column":38}},{"start":{"line":47,"column":42},"end":{"line":47,"column":58}}],"line":47},"4":{"loc":{"start":{"line":50,"column":4},"end":{"line":53,"column":5}},"type":"if","locations":[{"start":{"line":50,"column":4},"end":{"line":53,"column":5}},{"start":{},"end":{}}],"line":50},"5":{"loc":{"start":{"line":65,"column":17},"end":{"line":65,"column":66}},"type":"binary-expr","locations":[{"start":{"line":65,"column":17},"end":{"line":65,"column":33}},{"start":{"line":65,"column":37},"end":{"line":65,"column":66}}],"line":65},"6":{"loc":{"start":{"line":74,"column":17},"end":{"line":74,"column":73}},"type":"binary-expr","locations":[{"start":{"line":74,"column":17},"end":{"line":74,"column":33}},{"start":{"line":74,"column":37},"end":{"line":74,"column":73}}],"line":74}},"s":{"0":5,"1":5,"2":5,"3":5,"4":5,"5":0,"6":0,"7":0,"8":0,"9":0,"10":0,"11":0,"12":5,"13":0,"14":0,"15":0,"16":0,"17":0,"18":0,"19":0,"20":0,"21":0,"22":0,"23":0,"24":0,"25":0,"26":0,"27":0,"28":0,"29":5,"30":0,"31":0,"32":0,"33":5},"f":{"0":0,"1":0,"2":0},"b":{"0":[0,0],"1":[0,0],"2":[0,0],"3":[0,0],"4":[0,0],"5":[0,0],"6":[0,0]},"_coverageSchema":"1a1c01bbd47fc00a2c39e90264f33305004495a9","hash":"d3ef73845461df368c38d520e66f5fb8e273054b"}
,"C:\\Users\\mdaya\\Desktop\\MUBARAK WEBAPP\\backend\\controllers\\locationController.js": {"path":"C:\\Users\\mdaya\\Desktop\\MUBARAK WEBAPP\\backend\\controllers\\locationController.js","statementMap":{"0":{"start":{"line":1,"column":21},"end":{"line":1,"column":53}},"1":{"start":{"line":2,"column":19},"end":{"line":2,"column":52}},"2":{"start":{"line":6,"column":23},"end":{"line":10,"column":2}},"3":{"start":{"line":7,"column":22},"end":{"line":7,"column":31}},"4":{"start":{"line":8,"column":24},"end":{"line":8,"column":69}},"5":{"start":{"line":9,"column":4},"end":{"line":9,"column":63}},"6":{"start":{"line":14,"column":24},"end":{"line":17,"column":2}},"7":{"start":{"line":15,"column":20},"end":{"line":15,"column":72}},"8":{"start":{"line":16,"column":4},"end":{"line":16,"column":59}},"9":{"start":{"line":19,"column":0},"end":{"line":22,"column":2}}},"fnMap":{"0":{"name":"(anonymous_0)","decl":{"start":{"line":6,"column":36},"end":{"line":6,"column":37}},"loc":{"start":{"line":6,"column":56},"end":{"line":10,"column":1}},"line":6},"1":{"name":"(anonymous_1)","decl":{"start":{"line":14,"column":37},"end":{"line":14,"column":38}},"loc":{"start":{"line":14,"column":57},"end":{"line":17,"column":1}},"line":14}},"branchMap":{},"s":{"0":5,"1":5,"2":5,"3":0,"4":0,"5":0,"6":5,"7":0,"8":0,"9":5},"f":{"0":0,"1":0},"b":{},"_coverageSchema":"1a1c01bbd47fc00a2c39e90264f33305004495a9","hash":"db5381bd67234ee2766e46e62df204068c661175"}
,"C:\\Users\\mdaya\\Desktop\\MUBARAK WEBAPP\\backend\\controllers\\orderController.js": {"path":"C:\\Users\\mdaya\\Desktop\\MUBARAK WEBAPP\\backend\\controllers\\orderController.js","statementMap":{"0":{"start":{"line":1,"column":21},"end":{"line":1,"column":53}},"1":{"start":{"line":2,"column":21},"end":{"line":2,"column":56}},"2":{"start":{"line":6,"column":19},"end":{"line":9,"column":2}},"3":{"start":{"line":7,"column":18},"end":{"line":7,"column":71}},"4":{"start":{"line":8,"column":4},"end":{"line":8,"column":57}},"5":{"start":{"line":13,"column":24},"end":{"line":19,"column":2}},"6":{"start":{"line":14,"column":18},"end":{"line":14,"column":44}},"7":{"start":{"line":15,"column":19},"end":{"line":17,"column":31}},"8":{"start":{"line":18,"column":4},"end":{"line":18,"column":80}},"9":{"start":{"line":23,"column":21},"end":{"line":40,"column":2}},"10":{"start":{"line":24,"column":18},"end":{"line":24,"column":44}},"11":{"start":{"line":25,"column":18},"end":{"line":27,"column":45}},"12":{"start":{"line":29,"column":4},"end":{"line":32,"column":5}},"13":{"start":{"line":30,"column":8},"end":{"line":30,"column":24}},"14":{"start":{"line":31,"column":8},"end":{"line":31,"column":43}},"15":{"start":{"line":34,"column":4},"end":{"line":37,"column":5}},"16":{"start":{"line":35,"column":8},"end":{"line":35,"column":24}},"17":{"start":{"line":36,"column":8},"end":{"line":36,"column":61}},"18":{"start":{"line":39,"column":4},"end":{"line":39,"column":57}},"19":{"start":{"line":44,"column":26},"end":{"line":48,"column":2}},"20":{"start":{"line":45,"column":33},"end":{"line":45,"column":41}},"21":{"start":{"line":46,"column":20},"end":{"line":46,"column":94}},"22":{"start":{"line":47,"column":4},"end":{"line":47,"column":59}},"23":{"start":{"line":52,"column":24},"end":{"line":58,"column":2}},"24":{"start":{"line":53,"column":19},"end":{"line":56,"column":5}},"25":{"start":{"line":57,"column":4},"end":{"line":57,"column":80}},"26":{"start":{"line":62,"column":21},"end":{"line":70,"column":2}},"27":{"start":{"line":63,"column":18},"end":{"line":68,"column":5}},"28":{"start":{"line":69,"column":4},"end":{"line":69,"column":57}},"29":{"start":{"line":72,"column":0},"end":{"line":79,"column":2}}},"fnMap":{"0":{"name":"(anonymous_0)","decl":{"start":{"line":6,"column":32},"end":{"line":6,"column":33}},"loc":{"start":{"line":6,"column":52},"end":{"line":9,"column":1}},"line":6},"1":{"name":"(anonymous_1)","decl":{"start":{"line":13,"column":37},"end":{"line":13,"column":38}},"loc":{"start":{"line":13,"column":57},"end":{"line":19,"column":1}},"line":13},"2":{"name":"(anonymous_2)","decl":{"start":{"line":23,"column":34},"end":{"line":23,"column":35}},"loc":{"start":{"line":23,"column":54},"end":{"line":40,"column":1}},"line":23},"3":{"name":"(anonymous_3)","decl":{"start":{"line":44,"column":39},"end":{"line":44,"column":40}},"loc":{"start":{"line":44,"column":59},"end":{"line":48,"column":1}},"line":44},"4":{"name":"(anonymous_4)","decl":{"start":{"line":52,"column":37},"end":{"line":52,"column":38}},"loc":{"start":{"line":52,"column":57},"end":{"line":58,"column":1}},"line":52},"5":{"name":"(anonymous_5)","decl":{"start":{"line":62,"column":34},"end":{"line":62,"column":35}},"loc":{"start":{"line":62,"column":54},"end":{"line":70,"column":1}},"line":62}},"branchMap":{"0":{"loc":{"start":{"line":29,"column":4},"end":{"line":32,"column":5}},"type":"if","locations":[{"start":{"line":29,"column":4},"end":{"line":32,"column":5}},{"start":{},"end":{}}],"line":29},"1":{"loc":{"start":{"line":34,"column":4},"end":{"line":37,"column":5}},"type":"if","locations":[{"start":{"line":34,"column":4},"end":{"line":37,"column":5}},{"start":{},"end":{}}],"line":34},"2":{"loc":{"start":{"line":34,"column":8},"end":{"line":34,"column":99}},"type":"binary-expr","locations":[{"start":{"line":34,"column":8},"end":{"line":34,"column":36}},{"start":{"line":34,"column":40},"end":{"line":34,"column":99}}],"line":34},"3":{"loc":{"start":{"line":54,"column":8},"end":{"line":54,"column":45}},"type":"binary-expr","locations":[{"start":{"line":54,"column":8},"end":{"line":54,"column":24}},{"start":{"line":54,"column":28},"end":{"line":54,"column":45}}],"line":54}},"s":{"0":5,"1":5,"2":5,"3":0,"4":0,"5":5,"6":0,"7":0,"8":0,"9":5,"10":0,"11":0,"12":0,"13":0,"14":0,"15":0,"16":0,"17":0,"18":0,"19":5,"20":0,"21":0,"22":0,"23":5,"24":0,"25":0,"26":5,"27":0,"28":0,"29":5},"f":{"0":0,"1":0,"2":0,"3":0,"4":0,"5":0},"b":{"0":[0,0],"1":[0,0],"2":[0,0],"3":[0,0]},"_coverageSchema":"1a1c01bbd47fc00a2c39e90264f33305004495a9","hash":"d6eb8749667a9b8aa656dd3c5f1988182998b342"}
,"C:\\Users\\mdaya\\Desktop\\MUBARAK WEBAPP\\backend\\controllers\\productController.js": {"path":"C:\\Users\\mdaya\\Desktop\\MUBARAK WEBAPP\\backend\\controllers\\productController.js","statementMap":{"0":{"start":{"line":1,"column":21},"end":{"line":1,"column":53}},"1":{"start":{"line":2,"column":23},"end":{"line":2,"column":60}},"2":{"start":{"line":3,"column":17},"end":{"line":3,"column":46}},"3":{"start":{"line":7,"column":20},"end":{"line":10,"column":2}},"4":{"start":{"line":8,"column":21},"end":{"line":8,"column":64}},"5":{"start":{"line":9,"column":4},"end":{"line":9,"column":84}},"6":{"start":{"line":14,"column":22},"end":{"line":24,"column":2}},"7":{"start":{"line":15,"column":34},"end":{"line":15,"column":43}},"8":{"start":{"line":16,"column":19},"end":{"line":16,"column":21}},"9":{"start":{"line":18,"column":24},"end":{"line":18,"column":43}},"10":{"start":{"line":19,"column":4},"end":{"line":21,"column":5}},"11":{"start":{"line":20,"column":8},"end":{"line":20,"column":37}},"12":{"start":{"line":22,"column":23},"end":{"line":22,"column":68}},"13":{"start":{"line":23,"column":4},"end":{"line":23,"column":88}},"14":{"start":{"line":28,"column":23},"end":{"line":35,"column":2}},"15":{"start":{"line":29,"column":20},"end":{"line":29,"column":76}},"16":{"start":{"line":30,"column":4},"end":{"line":33,"column":5}},"17":{"start":{"line":31,"column":8},"end":{"line":31,"column":24}},"18":{"start":{"line":32,"column":8},"end":{"line":32,"column":45}},"19":{"start":{"line":34,"column":4},"end":{"line":34,"column":62}},"20":{"start":{"line":39,"column":22},"end":{"line":42,"column":2}},"21":{"start":{"line":40,"column":20},"end":{"line":40,"column":74}},"22":{"start":{"line":41,"column":4},"end":{"line":41,"column":59}},"23":{"start":{"line":46,"column":22},"end":{"line":49,"column":2}},"24":{"start":{"line":47,"column":27},"end":{"line":47,"column":96}},"25":{"start":{"line":48,"column":4},"end":{"line":48,"column":66}},"26":{"start":{"line":53,"column":22},"end":{"line":56,"column":2}},"27":{"start":{"line":54,"column":19},"end":{"line":54,"column":78}},"28":{"start":{"line":55,"column":4},"end":{"line":55,"column":69}},"29":{"start":{"line":60,"column":29},"end":{"line":68,"column":2}},"30":{"start":{"line":61,"column":33},"end":{"line":61,"column":76}},"31":{"start":{"line":62,"column":19},"end":{"line":66,"column":5}},"32":{"start":{"line":67,"column":4},"end":{"line":67,"column":58}},"33":{"start":{"line":70,"column":0},"end":{"line":78,"column":2}}},"fnMap":{"0":{"name":"(anonymous_0)","decl":{"start":{"line":7,"column":33},"end":{"line":7,"column":34}},"loc":{"start":{"line":7,"column":53},"end":{"line":10,"column":1}},"line":7},"1":{"name":"(anonymous_1)","decl":{"start":{"line":14,"column":35},"end":{"line":14,"column":36}},"loc":{"start":{"line":14,"column":55},"end":{"line":24,"column":1}},"line":14},"2":{"name":"(anonymous_2)","decl":{"start":{"line":28,"column":36},"end":{"line":28,"column":37}},"loc":{"start":{"line":28,"column":56},"end":{"line":35,"column":1}},"line":28},"3":{"name":"(anonymous_3)","decl":{"start":{"line":39,"column":35},"end":{"line":39,"column":36}},"loc":{"start":{"line":39,"column":55},"end":{"line":42,"column":1}},"line":39},"4":{"name":"(anonymous_4)","decl":{"start":{"line":46,"column":35},"end":{"line":46,"column":36}},"loc":{"start":{"line":46,"column":55},"end":{"line":49,"column":1}},"line":46},"5":{"name":"(anonymous_5)","decl":{"start":{"line":53,"column":35},"end":{"line":53,"column":36}},"loc":{"start":{"line":53,"column":55},"end":{"line":56,"column":1}},"line":53},"6":{"name":"(anonymous_6)","decl":{"start":{"line":60,"column":42},"end":{"line":60,"column":43}},"loc":{"start":{"line":60,"column":62},"end":{"line":68,"column":1}},"line":60}},"branchMap":{"0":{"loc":{"start":{"line":18,"column":24},"end":{"line":18,"column":43}},"type":"binary-expr","locations":[{"start":{"line":18,"column":24},"end":{"line":18,"column":32}},{"start":{"line":18,"column":36},"end":{"line":18,"column":43}}],"line":18},"1":{"loc":{"start":{"line":19,"column":4},"end":{"line":21,"column":5}},"type":"if","locations":[{"start":{"line":19,"column":4},"end":{"line":21,"column":5}},{"start":{},"end":{}}],"line":19},"2":{"loc":{"start":{"line":30,"column":4},"end":{"line":33,"column":5}},"type":"if","locations":[{"start":{"line":30,"column":4},"end":{"line":33,"column":5}},{"start":{},"end":{}}],"line":30},"3":{"loc":{"start":{"line":30,"column":8},"end":{"line":30,"column":40}},"type":"binary-expr","locations":[{"start":{"line":30,"column":8},"end":{"line":30,"column":16}},{"start":{"line":30,"column":20},"end":{"line":30,"column":40}}],"line":30}},"s":{"0":5,"1":5,"2":5,"3":5,"4":0,"5":0,"6":5,"7":0,"8":0,"9":0,"10":0,"11":0,"12":0,"13":0,"14":5,"15":0,"16":0,"17":0,"18":0,"19":0,"20":5,"21":1,"22":1,"23":5,"24":0,"25":0,"26":5,"27":0,"28":0,"29":5,"30":0,"31":0,"32":0,"33":5},"f":{"0":0,"1":0,"2":0,"3":1,"4":0,"5":0,"6":0},"b":{"0":[0,0],"1":[0,0],"2":[0,0],"3":[0,0]},"_coverageSchema":"1a1c01bbd47fc00a2c39e90264f33305004495a9","hash":"e2528d094550e7fffb316062f3a217ed62768491"}
,"C:\\Users\\mdaya\\Desktop\\MUBARAK WEBAPP\\backend\\controllers\\storeController.js": {"path":"C:\\Users\\mdaya\\Desktop\\MUBARAK WEBAPP\\backend\\controllers\\storeController.js","statementMap":{"0":{"start":{"line":1,"column":21},"end":{"line":1,"column":53}},"1":{"start":{"line":2,"column":14},"end":{"line":2,"column":40}},"2":{"start":{"line":5,"column":23},"end":{"line":11,"column":1}},"3":{"start":{"line":16,"column":23},"end":{"line":52,"column":2}},"4":{"start":{"line":17,"column":32},"end":{"line":17,"column":41}},"5":{"start":{"line":20,"column":4},"end":{"line":26,"column":5}},"6":{"start":{"line":21,"column":23},"end":{"line":21,"column":46}},"7":{"start":{"line":22,"column":8},"end":{"line":25,"column":9}},"8":{"start":{"line":23,"column":12},"end":{"line":23,"column":29}},"9":{"start":{"line":24,"column":12},"end":{"line":24,"column":29}},"10":{"start":{"line":28,"column":4},"end":{"line":31,"column":5}},"11":{"start":{"line":29,"column":8},"end":{"line":29,"column":24}},"12":{"start":{"line":30,"column":8},"end":{"line":30,"column":82}},"13":{"start":{"line":34,"column":18},"end":{"line":44,"column":6}},"14":{"start":{"line":46,"column":4},"end":{"line":49,"column":5}},"15":{"start":{"line":47,"column":8},"end":{"line":47,"column":24}},"16":{"start":{"line":48,"column":8},"end":{"line":48,"column":67}},"17":{"start":{"line":51,"column":4},"end":{"line":51,"column":57}},"18":{"start":{"line":57,"column":21},"end":{"line":60,"column":2}},"19":{"start":{"line":58,"column":19},"end":{"line":58,"column":37}},"20":{"start":{"line":59,"column":4},"end":{"line":59,"column":80}},"21":{"start":{"line":63,"column":21},"end":{"line":70,"column":2}},"22":{"start":{"line":64,"column":18},"end":{"line":64,"column":53}},"23":{"start":{"line":65,"column":4},"end":{"line":68,"column":5}},"24":{"start":{"line":66,"column":8},"end":{"line":66,"column":24}},"25":{"start":{"line":67,"column":8},"end":{"line":67,"column":43}},"26":{"start":{"line":69,"column":4},"end":{"line":69,"column":57}},"27":{"start":{"line":73,"column":20},"end":{"line":76,"column":2}},"28":{"start":{"line":74,"column":18},"end":{"line":74,"column":46}},"29":{"start":{"line":75,"column":4},"end":{"line":75,"column":57}},"30":{"start":{"line":79,"column":20},"end":{"line":99,"column":2}},"31":{"start":{"line":80,"column":16},"end":{"line":80,"column":51}},"32":{"start":{"line":82,"column":4},"end":{"line":85,"column":5}},"33":{"start":{"line":83,"column":8},"end":{"line":83,"column":24}},"34":{"start":{"line":84,"column":8},"end":{"line":84,"column":43}},"35":{"start":{"line":88,"column":4},"end":{"line":91,"column":5}},"36":{"start":{"line":89,"column":8},"end":{"line":89,"column":24}},"37":{"start":{"line":90,"column":8},"end":{"line":90,"column":63}},"38":{"start":{"line":93,"column":4},"end":{"line":96,"column":7}},"39":{"start":{"line":98,"column":4},"end":{"line":98,"column":57}},"40":{"start":{"line":104,"column":20},"end":{"line":114,"column":2}},"41":{"start":{"line":105,"column":18},"end":{"line":105,"column":53}},"42":{"start":{"line":107,"column":4},"end":{"line":110,"column":5}},"43":{"start":{"line":108,"column":8},"end":{"line":108,"column":24}},"44":{"start":{"line":109,"column":8},"end":{"line":109,"column":43}},"45":{"start":{"line":112,"column":4},"end":{"line":112,"column":28}},"46":{"start":{"line":113,"column":4},"end":{"line":113,"column":70}},"47":{"start":{"line":116,"column":0},"end":{"line":123,"column":2}}},"fnMap":{"0":{"name":"(anonymous_0)","decl":{"start":{"line":16,"column":36},"end":{"line":16,"column":37}},"loc":{"start":{"line":16,"column":56},"end":{"line":52,"column":1}},"line":16},"1":{"name":"(anonymous_1)","decl":{"start":{"line":57,"column":34},"end":{"line":57,"column":35}},"loc":{"start":{"line":57,"column":54},"end":{"line":60,"column":1}},"line":57},"2":{"name":"(anonymous_2)","decl":{"start":{"line":63,"column":34},"end":{"line":63,"column":35}},"loc":{"start":{"line":63,"column":54},"end":{"line":70,"column":1}},"line":63},"3":{"name":"(anonymous_3)","decl":{"start":{"line":73,"column":33},"end":{"line":73,"column":34}},"loc":{"start":{"line":73,"column":53},"end":{"line":76,"column":1}},"line":73},"4":{"name":"(anonymous_4)","decl":{"start":{"line":79,"column":33},"end":{"line":79,"column":34}},"loc":{"start":{"line":79,"column":53},"end":{"line":99,"column":1}},"line":79},"5":{"name":"(anonymous_5)","decl":{"start":{"line":104,"column":33},"end":{"line":104,"column":34}},"loc":{"start":{"line":104,"column":53},"end":{"line":114,"column":1}},"line":104}},"branchMap":{"0":{"loc":{"start":{"line":20,"column":4},"end":{"line":26,"column":5}},"type":"if","locations":[{"start":{"line":20,"column":4},"end":{"line":26,"column":5}},{"start":{},"end":{}}],"line":20},"1":{"loc":{"start":{"line":20,"column":8},"end":{"line":20,"column":33}},"type":"binary-expr","locations":[{"start":{"line":20,"column":9},"end":{"line":20,"column":13}},{"start":{"line":20,"column":17},"end":{"line":20,"column":21}},{"start":{"line":20,"column":26},"end":{"line":20,"column":33}}],"line":20},"2":{"loc":{"start":{"line":22,"column":8},"end":{"line":25,"column":9}},"type":"if","locations":[{"start":{"line":22,"column":8},"end":{"line":25,"column":9}},{"start":{},"end":{}}],"line":22},"3":{"loc":{"start":{"line":28,"column":4},"end":{"line":31,"column":5}},"type":"if","locations":[{"start":{"line":28,"column":4},"end":{"line":31,"column":5}},{"start":{},"end":{}}],"line":28},"4":{"loc":{"start":{"line":28,"column":8},"end":{"line":28,"column":20}},"type":"binary-expr","locations":[{"start":{"line":28,"column":8},"end":{"line":28,"column":12}},{"start":{"line":28,"column":16},"end":{"line":28,"column":20}}],"line":28},"5":{"loc":{"start":{"line":46,"column":4},"end":{"line":49,"column":5}},"type":"if","locations":[{"start":{"line":46,"column":4},"end":{"line":49,"column":5}},{"start":{},"end":{}}],"line":46},"6":{"loc":{"start":{"line":65,"column":4},"end":{"line":68,"column":5}},"type":"if","locations":[{"start":{"line":65,"column":4},"end":{"line":68,"column":5}},{"start":{},"end":{}}],"line":65},"7":{"loc":{"start":{"line":82,"column":4},"end":{"line":85,"column":5}},"type":"if","locations":[{"start":{"line":82,"column":4},"end":{"line":85,"column":5}},{"start":{},"end":{}}],"line":82},"8":{"loc":{"start":{"line":88,"column":4},"end":{"line":91,"column":5}},"type":"if","locations":[{"start":{"line":88,"column":4},"end":{"line":91,"column":5}},{"start":{},"end":{}}],"line":88},"9":{"loc":{"start":{"line":88,"column":8},"end":{"line":88,"column":84}},"type":"binary-expr","locations":[{"start":{"line":88,"column":8},"end":{"line":88,"column":34}},{"start":{"line":88,"column":38},"end":{"line":88,"column":84}}],"line":88},"10":{"loc":{"start":{"line":107,"column":4},"end":{"line":110,"column":5}},"type":"if","locations":[{"start":{"line":107,"column":4},"end":{"line":110,"column":5}},{"start":{},"end":{}}],"line":107}},"s":{"0":5,"1":5,"2":5,"3":5,"4":3,"5":3,"6":1,"7":1,"8":1,"9":1,"10":3,"11":0,"12":0,"13":3,"14":3,"15":1,"16":1,"17":2,"18":5,"19":0,"20":0,"21":5,"22":1,"23":1,"24":1,"25":1,"26":0,"27":5,"28":1,"29":1,"30":5,"31":0,"32":0,"33":0,"34":0,"35":0,"36":0,"37":0,"38":0,"39":0,"40":5,"41":0,"42":0,"43":0,"44":0,"45":0,"46":0,"47":5},"f":{"0":3,"1":0,"2":1,"3":1,"4":0,"5":0},"b":{"0":[1,2],"1":[3,2,1],"2":[1,0],"3":[0,3],"4":[3,3],"5":[1,2],"6":[1,0],"7":[0,0],"8":[0,0],"9":[0,0],"10":[0,0]},"_coverageSchema":"1a1c01bbd47fc00a2c39e90264f33305004495a9","hash":"61fbcd74c8c2d1d6151e36d4f18e80b1e4b4be47"}
,"C:\\Users\\mdaya\\Desktop\\MUBARAK WEBAPP\\backend\\middleware\\advancedQuery.js": {"path":"C:\\Users\\mdaya\\Desktop\\MUBARAK WEBAPP\\backend\\middleware\\advancedQuery.js","statementMap":{"0":{"start":{"line":1,"column":22},"end":{"line":75,"column":1}},"1":{"start":{"line":1,"column":43},"end":{"line":75,"column":1}},"2":{"start":{"line":5,"column":21},"end":{"line":5,"column":37}},"3":{"start":{"line":8,"column":25},"end":{"line":8,"column":60}},"4":{"start":{"line":9,"column":4},"end":{"line":9,"column":60}},"5":{"start":{"line":9,"column":36},"end":{"line":9,"column":58}},"6":{"start":{"line":12,"column":19},"end":{"line":12,"column":43}},"7":{"start":{"line":15,"column":4},"end":{"line":15,"column":83}},"8":{"start":{"line":15,"column":70},"end":{"line":15,"column":81}},"9":{"start":{"line":18,"column":4},"end":{"line":18,"column":45}},"10":{"start":{"line":21,"column":4},"end":{"line":24,"column":5}},"11":{"start":{"line":22,"column":23},"end":{"line":22,"column":60}},"12":{"start":{"line":23,"column":8},"end":{"line":23,"column":37}},"13":{"start":{"line":27,"column":4},"end":{"line":32,"column":5}},"14":{"start":{"line":28,"column":23},"end":{"line":28,"column":58}},"15":{"start":{"line":29,"column":8},"end":{"line":29,"column":35}},"16":{"start":{"line":31,"column":8},"end":{"line":31,"column":41}},"17":{"start":{"line":35,"column":17},"end":{"line":35,"column":50}},"18":{"start":{"line":36,"column":18},"end":{"line":36,"column":53}},"19":{"start":{"line":37,"column":23},"end":{"line":37,"column":41}},"20":{"start":{"line":38,"column":21},"end":{"line":38,"column":33}},"21":{"start":{"line":39,"column":18},"end":{"line":39,"column":46}},"22":{"start":{"line":41,"column":4},"end":{"line":41,"column":48}},"23":{"start":{"line":43,"column":4},"end":{"line":45,"column":5}},"24":{"start":{"line":44,"column":8},"end":{"line":44,"column":41}},"25":{"start":{"line":48,"column":20},"end":{"line":48,"column":31}},"26":{"start":{"line":51,"column":23},"end":{"line":51,"column":25}},"27":{"start":{"line":53,"column":4},"end":{"line":58,"column":5}},"28":{"start":{"line":54,"column":8},"end":{"line":57,"column":10}},"29":{"start":{"line":60,"column":4},"end":{"line":65,"column":5}},"30":{"start":{"line":61,"column":8},"end":{"line":64,"column":10}},"31":{"start":{"line":67,"column":4},"end":{"line":72,"column":6}},"32":{"start":{"line":74,"column":4},"end":{"line":74,"column":11}},"33":{"start":{"line":77,"column":0},"end":{"line":77,"column":31}}},"fnMap":{"0":{"name":"(anonymous_0)","decl":{"start":{"line":1,"column":22},"end":{"line":1,"column":23}},"loc":{"start":{"line":1,"column":43},"end":{"line":75,"column":1}},"line":1},"1":{"name":"(anonymous_1)","decl":{"start":{"line":1,"column":43},"end":{"line":1,"column":44}},"loc":{"start":{"line":1,"column":69},"end":{"line":75,"column":1}},"line":1},"2":{"name":"(anonymous_2)","decl":{"start":{"line":9,"column":25},"end":{"line":9,"column":26}},"loc":{"start":{"line":9,"column":36},"end":{"line":9,"column":58}},"line":9},"3":{"name":"(anonymous_3)","decl":{"start":{"line":15,"column":59},"end":{"line":15,"column":60}},"loc":{"start":{"line":15,"column":70},"end":{"line":15,"column":81}},"line":15}},"branchMap":{"0":{"loc":{"start":{"line":21,"column":4},"end":{"line":24,"column":5}},"type":"if","locations":[{"start":{"line":21,"column":4},"end":{"line":24,"column":5}},{"start":{},"end":{}}],"line":21},"1":{"loc":{"start":{"line":27,"column":4},"end":{"line":32,"column":5}},"type":"if","locations":[{"start":{"line":27,"column":4},"end":{"line":32,"column":5}},{"start":{"line":30,"column":11},"end":{"line":32,"column":5}}],"line":27},"2":{"loc":{"start":{"line":35,"column":17},"end":{"line":35,"column":50}},"type":"binary-expr","locations":[{"start":{"line":35,"column":17},"end":{"line":35,"column":45}},{"start":{"line":35,"column":49},"end":{"line":35,"column":50}}],"line":35},"3":{"loc":{"start":{"line":36,"column":18},"end":{"line":36,"column":53}},"type":"binary-expr","locations":[{"start":{"line":36,"column":18},"end":{"line":36,"column":47}},{"start":{"line":36,"column":51},"end":{"line":36,"column":53}}],"line":36},"4":{"loc":{"start":{"line":43,"column":4},"end":{"line":45,"column":5}},"type":"if","locations":[{"start":{"line":43,"column":4},"end":{"line":45,"column":5}},{"start":{},"end":{}}],"line":43},"5":{"loc":{"start":{"line":53,"column":4},"end":{"line":58,"column":5}},"type":"if","locations":[{"start":{"line":53,"column":4},"end":{"line":58,"column":5}},{"start":{},"end":{}}],"line":53},"6":{"loc":{"start":{"line":60,"column":4},"end":{"line":65,"column":5}},"type":"if","locations":[{"start":{"line":60,"column":4},"end":{"line":65,"column":5}},{"start":{},"end":{}}],"line":60}},"s":{"0":5,"1":0,"2":0,"3":0,"4":0,"5":0,"6":0,"7":0,"8":0,"9":0,"10":0,"11":0,"12":0,"13":0,"14":0,"15":0,"16":0,"17":0,"18":0,"19":0,"20":0,"21":0,"22":0,"23":0,"24":0,"25":0,"26":0,"27":0,"28":0,"29":0,"30":0,"31":0,"32":0,"33":5},"f":{"0":0,"1":0,"2":0,"3":0},"b":{"0":[0,0],"1":[0,0],"2":[0,0],"3":[0,0],"4":[0,0],"5":[0,0],"6":[0,0]},"_coverageSchema":"1a1c01bbd47fc00a2c39e90264f33305004495a9","hash":"da904f5cd2785fecd2354c48ef034dc36566c7bf"}
,"C:\\Users\\mdaya\\Desktop\\MUBARAK WEBAPP\\backend\\middleware\\authMiddleware.js": {"path":"C:\\Users\\mdaya\\Desktop\\MUBARAK WEBAPP\\backend\\middleware\\authMiddleware.js","statementMap":{"0":{"start":{"line":1,"column":12},"end":{"line":1,"column":35}},"1":{"start":{"line":2,"column":21},"end":{"line":2,"column":53}},"2":{"start":{"line":3,"column":13},"end":{"line":3,"column":38}},"3":{"start":{"line":6,"column":16},"end":{"line":33,"column":2}},"4":{"start":{"line":9,"column":4},"end":{"line":27,"column":5}},"5":{"start":{"line":10,"column":8},"end":{"line":26,"column":9}},"6":{"start":{"line":11,"column":12},"end":{"line":11,"column":60}},"7":{"start":{"line":12,"column":28},"end":{"line":12,"column":76}},"8":{"start":{"line":15,"column":12},"end":{"line":15,"column":75}},"9":{"start":{"line":17,"column":12},"end":{"line":20,"column":13}},"10":{"start":{"line":18,"column":16},"end":{"line":18,"column":32}},"11":{"start":{"line":19,"column":16},"end":{"line":19,"column":57}},"12":{"start":{"line":22,"column":12},"end":{"line":22,"column":26}},"13":{"start":{"line":24,"column":12},"end":{"line":24,"column":28}},"14":{"start":{"line":25,"column":12},"end":{"line":25,"column":60}},"15":{"start":{"line":29,"column":4},"end":{"line":32,"column":5}},"16":{"start":{"line":30,"column":8},"end":{"line":30,"column":24}},"17":{"start":{"line":31,"column":8},"end":{"line":31,"column":52}},"18":{"start":{"line":36,"column":18},"end":{"line":50,"column":1}},"19":{"start":{"line":37,"column":4},"end":{"line":49,"column":7}},"20":{"start":{"line":38,"column":8},"end":{"line":41,"column":9}},"21":{"start":{"line":39,"column":12},"end":{"line":39,"column":28}},"22":{"start":{"line":40,"column":12},"end":{"line":40,"column":49}},"23":{"start":{"line":43,"column":8},"end":{"line":45,"column":9}},"24":{"start":{"line":44,"column":12},"end":{"line":44,"column":26}},"25":{"start":{"line":47,"column":8},"end":{"line":47,"column":24}},"26":{"start":{"line":48,"column":8},"end":{"line":48,"column":90}},"27":{"start":{"line":52,"column":0},"end":{"line":52,"column":40}}},"fnMap":{"0":{"name":"(anonymous_0)","decl":{"start":{"line":6,"column":29},"end":{"line":6,"column":30}},"loc":{"start":{"line":6,"column":55},"end":{"line":33,"column":1}},"line":6},"1":{"name":"(anonymous_1)","decl":{"start":{"line":36,"column":18},"end":{"line":36,"column":19}},"loc":{"start":{"line":36,"column":32},"end":{"line":50,"column":1}},"line":36},"2":{"name":"(anonymous_2)","decl":{"start":{"line":37,"column":24},"end":{"line":37,"column":25}},"loc":{"start":{"line":37,"column":44},"end":{"line":49,"column":5}},"line":37}},"branchMap":{"0":{"loc":{"start":{"line":9,"column":4},"end":{"line":27,"column":5}},"type":"if","locations":[{"start":{"line":9,"column":4},"end":{"line":27,"column":5}},{"start":{},"end":{}}],"line":9},"1":{"loc":{"start":{"line":9,"column":8},"end":{"line":9,"column":83}},"type":"binary-expr","locations":[{"start":{"line":9,"column":8},"end":{"line":9,"column":33}},{"start":{"line":9,"column":37},"end":{"line":9,"column":83}}],"line":9},"2":{"loc":{"start":{"line":17,"column":12},"end":{"line":20,"column":13}},"type":"if","locations":[{"start":{"line":17,"column":12},"end":{"line":20,"column":13}},{"start":{},"end":{}}],"line":17},"3":{"loc":{"start":{"line":29,"column":4},"end":{"line":32,"column":5}},"type":"if","locations":[{"start":{"line":29,"column":4},"end":{"line":32,"column":5}},{"start":{},"end":{}}],"line":29},"4":{"loc":{"start":{"line":38,"column":8},"end":{"line":41,"column":9}},"type":"if","locations":[{"start":{"line":38,"column":8},"end":{"line":41,"column":9}},{"start":{},"end":{}}],"line":38},"5":{"loc":{"start":{"line":43,"column":8},"end":{"line":45,"column":9}},"type":"if","locations":[{"start":{"line":43,"column":8},"end":{"line":45,"column":9}},{"start":{},"end":{}}],"line":43},"6":{"loc":{"start":{"line":43,"column":12},"end":{"line":43,"column":75}},"type":"binary-expr","locations":[{"start":{"line":43,"column":12},"end":{"line":43,"column":42}},{"start":{"line":43,"column":46},"end":{"line":43,"column":75}}],"line":43}},"s":{"0":5,"1":5,"2":5,"3":5,"4":7,"5":6,"6":6,"7":6,"8":6,"9":6,"10":0,"11":0,"12":6,"13":0,"14":0,"15":1,"16":1,"17":1,"18":5,"19":80,"20":5,"21":0,"22":0,"23":5,"24":4,"25":1,"26":1,"27":5},"f":{"0":7,"1":80,"2":5},"b":{"0":[6,1],"1":[7,6],"2":[0,6],"3":[1,0],"4":[0,5],"5":[4,1],"6":[5,5]},"_coverageSchema":"1a1c01bbd47fc00a2c39e90264f33305004495a9","hash":"1c76bf7e81ce0481c64498c8e3dba374ec5bdb63"}
,"C:\\Users\\mdaya\\Desktop\\MUBARAK WEBAPP\\backend\\middleware\\errorMiddleware.js": {"path":"C:\\Users\\mdaya\\Desktop\\MUBARAK WEBAPP\\backend\\middleware\\errorMiddleware.js","statementMap":{"0":{"start":{"line":1,"column":15},"end":{"line":1,"column":41}},"1":{"start":{"line":2,"column":17},"end":{"line":2,"column":45}},"2":{"start":{"line":4,"column":24},"end":{"line":29,"column":1}},"3":{"start":{"line":5,"column":21},"end":{"line":5,"column":56}},"4":{"start":{"line":6,"column":18},"end":{"line":6,"column":56}},"5":{"start":{"line":8,"column":4},"end":{"line":11,"column":5}},"6":{"start":{"line":9,"column":8},"end":{"line":9,"column":39}},"7":{"start":{"line":10,"column":8},"end":{"line":10,"column":53}},"8":{"start":{"line":13,"column":4},"end":{"line":13,"column":42}},"9":{"start":{"line":15,"column":21},"end":{"line":22,"column":5}},"10":{"start":{"line":24,"column":4},"end":{"line":26,"column":5}},"11":{"start":{"line":25,"column":8},"end":{"line":25,"column":26}},"12":{"start":{"line":28,"column":4},"end":{"line":28,"column":42}},"13":{"start":{"line":31,"column":0},"end":{"line":31,"column":33}}},"fnMap":{"0":{"name":"(anonymous_0)","decl":{"start":{"line":4,"column":24},"end":{"line":4,"column":25}},"loc":{"start":{"line":4,"column":49},"end":{"line":29,"column":1}},"line":4}},"branchMap":{"0":{"loc":{"start":{"line":5,"column":21},"end":{"line":5,"column":56}},"type":"binary-expr","locations":[{"start":{"line":5,"column":21},"end":{"line":5,"column":35}},{"start":{"line":5,"column":39},"end":{"line":5,"column":49}},{"start":{"line":5,"column":53},"end":{"line":5,"column":56}}],"line":5},"1":{"loc":{"start":{"line":6,"column":18},"end":{"line":6,"column":56}},"type":"binary-expr","locations":[{"start":{"line":6,"column":18},"end":{"line":6,"column":29}},{"start":{"line":6,"column":33},"end":{"line":6,"column":56}}],"line":6},"2":{"loc":{"start":{"line":8,"column":4},"end":{"line":11,"column":5}},"type":"if","locations":[{"start":{"line":8,"column":4},"end":{"line":11,"column":5}},{"start":{},"end":{}}],"line":8},"3":{"loc":{"start":{"line":9,"column":21},"end":{"line":9,"column":38}},"type":"binary-expr","locations":[{"start":{"line":9,"column":21},"end":{"line":9,"column":31}},{"start":{"line":9,"column":35},"end":{"line":9,"column":38}}],"line":9},"4":{"loc":{"start":{"line":10,"column":18},"end":{"line":10,"column":52}},"type":"binary-expr","locations":[{"start":{"line":10,"column":18},"end":{"line":10,"column":25}},{"start":{"line":10,"column":29},"end":{"line":10,"column":52}}],"line":10},"5":{"loc":{"start":{"line":20,"column":16},"end":{"line":20,"column":78}},"type":"binary-expr","locations":[{"start":{"line":20,"column":16},"end":{"line":20,"column":54}},{"start":{"line":20,"column":58},"end":{"line":20,"column":78}}],"line":20},"6":{"loc":{"start":{"line":24,"column":4},"end":{"line":26,"column":5}},"type":"if","locations":[{"start":{"line":24,"column":4},"end":{"line":26,"column":5}},{"start":{},"end":{}}],"line":24}},"s":{"0":5,"1":5,"2":5,"3":6,"4":6,"5":6,"6":4,"7":4,"8":6,"9":6,"10":6,"11":0,"12":6,"13":5},"f":{"0":6},"b":{"0":[6,4,4],"1":[6,0],"2":[4,2],"3":[4,0],"4":[4,0],"5":[6,0],"6":[0,6]},"_coverageSchema":"1a1c01bbd47fc00a2c39e90264f33305004495a9","hash":"53577dcc6fe1d2f694fc1967819cd6e29d1e4bef"}
,"C:\\Users\\mdaya\\Desktop\\MUBARAK WEBAPP\\backend\\middleware\\storeMiddleware.js": {"path":"C:\\Users\\mdaya\\Desktop\\MUBARAK WEBAPP\\backend\\middleware\\storeMiddleware.js","statementMap":{"0":{"start":{"line":1,"column":21},"end":{"line":1,"column":53}},"1":{"start":{"line":4,"column":28},"end":{"line":26,"column":2}},"2":{"start":{"line":5,"column":17},"end":{"line":5,"column":25}},"3":{"start":{"line":8,"column":4},"end":{"line":10,"column":5}},"4":{"start":{"line":9,"column":8},"end":{"line":9,"column":22}},"5":{"start":{"line":13,"column":4},"end":{"line":22,"column":5}},"6":{"start":{"line":14,"column":8},"end":{"line":17,"column":9}},"7":{"start":{"line":15,"column":12},"end":{"line":15,"column":28}},"8":{"start":{"line":16,"column":12},"end":{"line":16,"column":66}},"9":{"start":{"line":20,"column":8},"end":{"line":20,"column":52}},"10":{"start":{"line":21,"column":8},"end":{"line":21,"column":22}},"11":{"start":{"line":25,"column":4},"end":{"line":25,"column":11}},"12":{"start":{"line":29,"column":30},"end":{"line":55,"column":1}},"13":{"start":{"line":30,"column":4},"end":{"line":54,"column":7}},"14":{"start":{"line":31,"column":21},"end":{"line":31,"column":29}},"15":{"start":{"line":34,"column":8},"end":{"line":36,"column":9}},"16":{"start":{"line":35,"column":12},"end":{"line":35,"column":26}},"17":{"start":{"line":39,"column":8},"end":{"line":51,"column":9}},"18":{"start":{"line":40,"column":37},"end":{"line":40,"column":105}},"19":{"start":{"line":42,"column":12},"end":{"line":45,"column":13}},"20":{"start":{"line":43,"column":16},"end":{"line":43,"column":32}},"21":{"start":{"line":44,"column":16},"end":{"line":44,"column":57}},"22":{"start":{"line":47,"column":12},"end":{"line":50,"column":13}},"23":{"start":{"line":48,"column":16},"end":{"line":48,"column":32}},"24":{"start":{"line":49,"column":16},"end":{"line":49,"column":87}},"25":{"start":{"line":53,"column":8},"end":{"line":53,"column":15}},"26":{"start":{"line":57,"column":0},"end":{"line":57,"column":64}}},"fnMap":{"0":{"name":"(anonymous_0)","decl":{"start":{"line":4,"column":41},"end":{"line":4,"column":42}},"loc":{"start":{"line":4,"column":67},"end":{"line":26,"column":1}},"line":4},"1":{"name":"(anonymous_1)","decl":{"start":{"line":29,"column":30},"end":{"line":29,"column":31}},"loc":{"start":{"line":29,"column":70},"end":{"line":55,"column":1}},"line":29},"2":{"name":"(anonymous_2)","decl":{"start":{"line":30,"column":24},"end":{"line":30,"column":25}},"loc":{"start":{"line":30,"column":50},"end":{"line":54,"column":5}},"line":30}},"branchMap":{"0":{"loc":{"start":{"line":8,"column":4},"end":{"line":10,"column":5}},"type":"if","locations":[{"start":{"line":8,"column":4},"end":{"line":10,"column":5}},{"start":{},"end":{}}],"line":8},"1":{"loc":{"start":{"line":13,"column":4},"end":{"line":22,"column":5}},"type":"if","locations":[{"start":{"line":13,"column":4},"end":{"line":22,"column":5}},{"start":{},"end":{}}],"line":13},"2":{"loc":{"start":{"line":14,"column":8},"end":{"line":17,"column":9}},"type":"if","locations":[{"start":{"line":14,"column":8},"end":{"line":17,"column":9}},{"start":{},"end":{}}],"line":14},"3":{"loc":{"start":{"line":29,"column":31},"end":{"line":29,"column":65}},"type":"default-arg","locations":[{"start":{"line":29,"column":55},"end":{"line":29,"column":65}}],"line":29},"4":{"loc":{"start":{"line":34,"column":8},"end":{"line":36,"column":9}},"type":"if","locations":[{"start":{"line":34,"column":8},"end":{"line":36,"column":9}},{"start":{},"end":{}}],"line":34},"5":{"loc":{"start":{"line":39,"column":8},"end":{"line":51,"column":9}},"type":"if","locations":[{"start":{"line":39,"column":8},"end":{"line":51,"column":9}},{"start":{},"end":{}}],"line":39},"6":{"loc":{"start":{"line":40,"column":37},"end":{"line":40,"column":105}},"type":"binary-expr","locations":[{"start":{"line":40,"column":37},"end":{"line":40,"column":70}},{"start":{"line":40,"column":74},"end":{"line":40,"column":105}}],"line":40},"7":{"loc":{"start":{"line":42,"column":12},"end":{"line":45,"column":13}},"type":"if","locations":[{"start":{"line":42,"column":12},"end":{"line":45,"column":13}},{"start":{},"end":{}}],"line":42},"8":{"loc":{"start":{"line":47,"column":12},"end":{"line":50,"column":13}},"type":"if","locations":[{"start":{"line":47,"column":12},"end":{"line":50,"column":13}},{"start":{},"end":{}}],"line":47}},"s":{"0":5,"1":5,"2":0,"3":0,"4":0,"5":0,"6":0,"7":0,"8":0,"9":0,"10":0,"11":0,"12":5,"13":0,"14":0,"15":0,"16":0,"17":0,"18":0,"19":0,"20":0,"21":0,"22":0,"23":0,"24":0,"25":0,"26":5},"f":{"0":0,"1":0,"2":0},"b":{"0":[0,0],"1":[0,0],"2":[0,0],"3":[0],"4":[0,0],"5":[0,0],"6":[0,0],"7":[0,0],"8":[0,0]},"_coverageSchema":"1a1c01bbd47fc00a2c39e90264f33305004495a9","hash":"8c098293cd41aa1cf2f94b72387593a1f560be62"}
,"C:\\Users\\mdaya\\Desktop\\MUBARAK WEBAPP\\backend\\middleware\\validation.js": {"path":"C:\\Users\\mdaya\\Desktop\\MUBARAK WEBAPP\\backend\\middleware\\validation.js","statementMap":{"0":{"start":{"line":1,"column":49},"end":{"line":1,"column":77}},"1":{"start":{"line":4,"column":31},"end":{"line":11,"column":1}},"2":{"start":{"line":5,"column":19},"end":{"line":5,"column":40}},"3":{"start":{"line":6,"column":4},"end":{"line":9,"column":5}},"4":{"start":{"line":7,"column":8},"end":{"line":7,"column":24}},"5":{"start":{"line":8,"column":8},"end":{"line":8,"column":69}},"6":{"start":{"line":8,"column":50},"end":{"line":8,"column":55}},"7":{"start":{"line":10,"column":4},"end":{"line":10,"column":11}},"8":{"start":{"line":14,"column":30},"end":{"line":30,"column":1}},"9":{"start":{"line":35,"column":22},"end":{"line":39,"column":1}},"10":{"start":{"line":42,"column":24},"end":{"line":42,"column":99}},"11":{"start":{"line":45,"column":28},"end":{"line":50,"column":1}},"12":{"start":{"line":53,"column":28},"end":{"line":58,"column":1}},"13":{"start":{"line":61,"column":24},"end":{"line":68,"column":1}},"14":{"start":{"line":71,"column":22},"end":{"line":76,"column":1}},"15":{"start":{"line":79,"column":29},"end":{"line":87,"column":1}},"16":{"start":{"line":89,"column":0},"end":{"line":99,"column":2}}},"fnMap":{"0":{"name":"(anonymous_0)","decl":{"start":{"line":4,"column":31},"end":{"line":4,"column":32}},"loc":{"start":{"line":4,"column":51},"end":{"line":11,"column":1}},"line":4},"1":{"name":"(anonymous_1)","decl":{"start":{"line":8,"column":43},"end":{"line":8,"column":44}},"loc":{"start":{"line":8,"column":50},"end":{"line":8,"column":55}},"line":8}},"branchMap":{"0":{"loc":{"start":{"line":6,"column":4},"end":{"line":9,"column":5}},"type":"if","locations":[{"start":{"line":6,"column":4},"end":{"line":9,"column":5}},{"start":{},"end":{}}],"line":6}},"s":{"0":5,"1":5,"2":11,"3":11,"4":0,"5":0,"6":0,"7":11,"8":5,"9":5,"10":5,"11":5,"12":5,"13":5,"14":5,"15":5,"16":5},"f":{"0":11,"1":0},"b":{"0":[0,11]},"_coverageSchema":"1a1c01bbd47fc00a2c39e90264f33305004495a9","hash":"5466f755ba23b1441862e2cd8a65f7906c822098"}
,"C:\\Users\\mdaya\\Desktop\\MUBARAK WEBAPP\\backend\\models\\Category.js": {"path":"C:\\Users\\mdaya\\Desktop\\MUBARAK WEBAPP\\backend\\models\\Category.js","statementMap":{"0":{"start":{"line":1,"column":17},"end":{"line":1,"column":36}},"1":{"start":{"line":3,"column":23},"end":{"line":24,"column":1}},"2":{"start":{"line":26,"column":0},"end":{"line":26,"column":60}}},"fnMap":{},"branchMap":{},"s":{"0":5,"1":5,"2":5},"f":{},"b":{},"_coverageSchema":"1a1c01bbd47fc00a2c39e90264f33305004495a9","hash":"6a1dc71a5b451e6c15078c736c3c81821ff1ae57"}
,"C:\\Users\\mdaya\\Desktop\\MUBARAK WEBAPP\\backend\\models\\Order.js": {"path":"C:\\Users\\mdaya\\Desktop\\MUBARAK WEBAPP\\backend\\models\\Order.js","statementMap":{"0":{"start":{"line":1,"column":17},"end":{"line":1,"column":36}},"1":{"start":{"line":3,"column":20},"end":{"line":74,"column":1}},"2":{"start":{"line":76,"column":0},"end":{"line":76,"column":37}},"3":{"start":{"line":77,"column":0},"end":{"line":77,"column":35}},"4":{"start":{"line":78,"column":0},"end":{"line":78,"column":33}},"5":{"start":{"line":79,"column":0},"end":{"line":79,"column":35}},"6":{"start":{"line":81,"column":0},"end":{"line":81,"column":54}}},"fnMap":{},"branchMap":{},"s":{"0":5,"1":5,"2":5,"3":5,"4":5,"5":5,"6":5},"f":{},"b":{},"_coverageSchema":"1a1c01bbd47fc00a2c39e90264f33305004495a9","hash":"c17e1ebd5cba7ac386b79637d9cfc9d1806784a3"}
,"C:\\Users\\mdaya\\Desktop\\MUBARAK WEBAPP\\backend\\models\\Product.js": {"path":"C:\\Users\\mdaya\\Desktop\\MUBARAK WEBAPP\\backend\\models\\Product.js","statementMap":{"0":{"start":{"line":1,"column":17},"end":{"line":1,"column":36}},"1":{"start":{"line":3,"column":22},"end":{"line":60,"column":1}},"2":{"start":{"line":42,"column":16},"end":{"line":42,"column":54}},"3":{"start":{"line":62,"column":0},"end":{"line":62,"column":52}},"4":{"start":{"line":63,"column":0},"end":{"line":63,"column":38}},"5":{"start":{"line":65,"column":0},"end":{"line":65,"column":58}}},"fnMap":{"0":{"name":"(anonymous_0)","decl":{"start":{"line":41,"column":21},"end":{"line":41,"column":22}},"loc":{"start":{"line":41,"column":33},"end":{"line":43,"column":13}},"line":41}},"branchMap":{"0":{"loc":{"start":{"line":42,"column":23},"end":{"line":42,"column":53}},"type":"cond-expr","locations":[{"start":{"line":42,"column":36},"end":{"line":42,"column":48}},{"start":{"line":42,"column":51},"end":{"line":42,"column":53}}],"line":42}},"s":{"0":5,"1":5,"2":1,"3":5,"4":5,"5":5},"f":{"0":1},"b":{"0":[1,0]},"_coverageSchema":"1a1c01bbd47fc00a2c39e90264f33305004495a9","hash":"70e954a5eeed1b2e5c7fa6a0eacfb03d5f8a863b"}
,"C:\\Users\\mdaya\\Desktop\\MUBARAK WEBAPP\\backend\\models\\Store.js": {"path":"C:\\Users\\mdaya\\Desktop\\MUBARAK WEBAPP\\backend\\models\\Store.js","statementMap":{"0":{"start":{"line":1,"column":17},"end":{"line":1,"column":36}},"1":{"start":{"line":3,"column":20},"end":{"line":66,"column":1}},"2":{"start":{"line":68,"column":0},"end":{"line":68,"column":44}},"3":{"start":{"line":69,"column":0},"end":{"line":69,"column":47}},"4":{"start":{"line":71,"column":0},"end":{"line":71,"column":54}}},"fnMap":{},"branchMap":{},"s":{"0":5,"1":5,"2":5,"3":5,"4":5},"f":{},"b":{},"_coverageSchema":"1a1c01bbd47fc00a2c39e90264f33305004495a9","hash":"f7c8572ac186b7ce2c6a2675c47807c87df75854"}
,"C:\\Users\\mdaya\\Desktop\\MUBARAK WEBAPP\\backend\\models\\User.js": {"path":"C:\\Users\\mdaya\\Desktop\\MUBARAK WEBAPP\\backend\\models\\User.js","statementMap":{"0":{"start":{"line":1,"column":17},"end":{"line":1,"column":36}},"1":{"start":{"line":3,"column":19},"end":{"line":59,"column":1}},"2":{"start":{"line":62,"column":0},"end":{"line":62,"column":30}},"3":{"start":{"line":63,"column":0},"end":{"line":63,"column":34}},"4":{"start":{"line":64,"column":0},"end":{"line":64,"column":34}},"5":{"start":{"line":66,"column":0},"end":{"line":66,"column":52}}},"fnMap":{},"branchMap":{},"s":{"0":5,"1":5,"2":5,"3":5,"4":5,"5":5},"f":{},"b":{},"_coverageSchema":"1a1c01bbd47fc00a2c39e90264f33305004495a9","hash":"22a758eff07f1ac56a632bc84430c317de30bc8f"}
,"C:\\Users\\mdaya\\Desktop\\MUBARAK WEBAPP\\backend\\models\\VendorProduct.js": {"path":"C:\\Users\\mdaya\\Desktop\\MUBARAK WEBAPP\\backend\\models\\VendorProduct.js","statementMap":{"0":{"start":{"line":1,"column":17},"end":{"line":1,"column":36}},"1":{"start":{"line":3,"column":28},"end":{"line":37,"column":1}},"2":{"start":{"line":40,"column":0},"end":{"line":40,"column":94}},"3":{"start":{"line":41,"column":0},"end":{"line":41,"column":57}},"4":{"start":{"line":43,"column":0},"end":{"line":43,"column":70}}},"fnMap":{},"branchMap":{},"s":{"0":5,"1":5,"2":5,"3":5,"4":5},"f":{},"b":{},"_coverageSchema":"1a1c01bbd47fc00a2c39e90264f33305004495a9","hash":"013a8b017c81f8a533f251f8b2d4bc876c7cf2f1"}
,"C:\\Users\\mdaya\\Desktop\\MUBARAK WEBAPP\\backend\\routes\\authRoutes.js": {"path":"C:\\Users\\mdaya\\Desktop\\MUBARAK WEBAPP\\backend\\routes\\authRoutes.js","statementMap":{"0":{"start":{"line":1,"column":16},"end":{"line":1,"column":34}},"1":{"start":{"line":2,"column":15},"end":{"line":2,"column":31}},"2":{"start":{"line":12,"column":4},"end":{"line":12,"column":44}},"3":{"start":{"line":13,"column":31},"end":{"line":13,"column":70}},"4":{"start":{"line":14,"column":65},"end":{"line":14,"column":100}},"5":{"start":{"line":17,"column":0},"end":{"line":17,"column":37}},"6":{"start":{"line":20,"column":0},"end":{"line":20,"column":55}},"7":{"start":{"line":23,"column":0},"end":{"line":23,"column":82}},"8":{"start":{"line":26,"column":0},"end":{"line":26,"column":34}},"9":{"start":{"line":27,"column":0},"end":{"line":27,"column":44}},"10":{"start":{"line":30,"column":0},"end":{"line":30,"column":74}},"11":{"start":{"line":31,"column":0},"end":{"line":31,"column":85}},"12":{"start":{"line":32,"column":0},"end":{"line":32,"column":86}},"13":{"start":{"line":34,"column":0},"end":{"line":34,"column":24}}},"fnMap":{},"branchMap":{},"s":{"0":5,"1":5,"2":5,"3":5,"4":5,"5":5,"6":5,"7":5,"8":5,"9":5,"10":5,"11":5,"12":5,"13":5},"f":{},"b":{},"_coverageSchema":"1a1c01bbd47fc00a2c39e90264f33305004495a9","hash":"09a5c4dd18feb87b36b000642ff37b51720b2363"}
,"C:\\Users\\mdaya\\Desktop\\MUBARAK WEBAPP\\backend\\routes\\deliveryRoutes.js": {"path":"C:\\Users\\mdaya\\Desktop\\MUBARAK WEBAPP\\backend\\routes\\deliveryRoutes.js","statementMap":{"0":{"start":{"line":1,"column":16},"end":{"line":1,"column":34}},"1":{"start":{"line":2,"column":15},"end":{"line":2,"column":31}},"2":{"start":{"line":3,"column":31},"end":{"line":3,"column":70}},"3":{"start":{"line":4,"column":32},"end":{"line":4,"column":72}},"4":{"start":{"line":9,"column":4},"end":{"line":9,"column":48}},"5":{"start":{"line":12,"column":0},"end":{"line":12,"column":20}},"6":{"start":{"line":13,"column":0},"end":{"line":13,"column":32}},"7":{"start":{"line":14,"column":0},"end":{"line":14,"column":32}},"8":{"start":{"line":17,"column":0},"end":{"line":17,"column":41}},"9":{"start":{"line":20,"column":0},"end":{"line":20,"column":55}},"10":{"start":{"line":23,"column":0},"end":{"line":23,"column":43}},"11":{"start":{"line":25,"column":0},"end":{"line":25,"column":24}}},"fnMap":{},"branchMap":{},"s":{"0":5,"1":5,"2":5,"3":5,"4":5,"5":5,"6":5,"7":5,"8":5,"9":5,"10":5,"11":5},"f":{},"b":{},"_coverageSchema":"1a1c01bbd47fc00a2c39e90264f33305004495a9","hash":"835064a705a6425f4a3db95c671651c0024f2f66"}
,"C:\\Users\\mdaya\\Desktop\\MUBARAK WEBAPP\\backend\\routes\\locationRoutes.js": {"path":"C:\\Users\\mdaya\\Desktop\\MUBARAK WEBAPP\\backend\\routes\\locationRoutes.js","statementMap":{"0":{"start":{"line":1,"column":16},"end":{"line":1,"column":34}},"1":{"start":{"line":2,"column":15},"end":{"line":2,"column":31}},"2":{"start":{"line":3,"column":44},"end":{"line":3,"column":88}},"3":{"start":{"line":5,"column":0},"end":{"line":5,"column":43}},"4":{"start":{"line":6,"column":0},"end":{"line":6,"column":49}},"5":{"start":{"line":8,"column":0},"end":{"line":8,"column":24}}},"fnMap":{},"branchMap":{},"s":{"0":5,"1":5,"2":5,"3":5,"4":5,"5":5},"f":{},"b":{},"_coverageSchema":"1a1c01bbd47fc00a2c39e90264f33305004495a9","hash":"ad235b6e9c487dee80ca9c2ddc478ea3489aeac1"}
,"C:\\Users\\mdaya\\Desktop\\MUBARAK WEBAPP\\backend\\routes\\orderRoutes.js": {"path":"C:\\Users\\mdaya\\Desktop\\MUBARAK WEBAPP\\backend\\routes\\orderRoutes.js","statementMap":{"0":{"start":{"line":1,"column":16},"end":{"line":1,"column":34}},"1":{"start":{"line":2,"column":15},"end":{"line":2,"column":31}},"2":{"start":{"line":10,"column":4},"end":{"line":10,"column":45}},"3":{"start":{"line":11,"column":31},"end":{"line":11,"column":70}},"4":{"start":{"line":12,"column":32},"end":{"line":12,"column":72}},"5":{"start":{"line":13,"column":72},"end":{"line":13,"column":107}},"6":{"start":{"line":16,"column":0},"end":{"line":16,"column":97}},"7":{"start":{"line":19,"column":0},"end":{"line":19,"column":61}},"8":{"start":{"line":20,"column":0},"end":{"line":20,"column":49}},"9":{"start":{"line":23,"column":0},"end":{"line":23,"column":59}},"10":{"start":{"line":24,"column":0},"end":{"line":24,"column":122}},"11":{"start":{"line":25,"column":0},"end":{"line":25,"column":115}},"12":{"start":{"line":27,"column":0},"end":{"line":27,"column":24}}},"fnMap":{},"branchMap":{},"s":{"0":5,"1":5,"2":5,"3":5,"4":5,"5":5,"6":5,"7":5,"8":5,"9":5,"10":5,"11":5,"12":5},"f":{},"b":{},"_coverageSchema":"1a1c01bbd47fc00a2c39e90264f33305004495a9","hash":"5a6a47a4f04bda40889f5480f3f9fb42516dbc3a"}
,"C:\\Users\\mdaya\\Desktop\\MUBARAK WEBAPP\\backend\\routes\\productRoutes.js": {"path":"C:\\Users\\mdaya\\Desktop\\MUBARAK WEBAPP\\backend\\routes\\productRoutes.js","statementMap":{"0":{"start":{"line":1,"column":16},"end":{"line":1,"column":34}},"1":{"start":{"line":2,"column":15},"end":{"line":2,"column":31}},"2":{"start":{"line":11,"column":4},"end":{"line":11,"column":47}},"3":{"start":{"line":12,"column":31},"end":{"line":12,"column":70}},"4":{"start":{"line":13,"column":45},"end":{"line":13,"column":80}},"5":{"start":{"line":15,"column":16},"end":{"line":15,"column":44}},"6":{"start":{"line":16,"column":22},"end":{"line":16,"column":60}},"7":{"start":{"line":19,"column":0},"end":{"line":19,"column":29}},"8":{"start":{"line":20,"column":0},"end":{"line":20,"column":41}},"9":{"start":{"line":23,"column":0},"end":{"line":23,"column":113}},"10":{"start":{"line":26,"column":0},"end":{"line":26,"column":52}},"11":{"start":{"line":29,"column":0},"end":{"line":29,"column":88}},"12":{"start":{"line":30,"column":0},"end":{"line":30,"column":107}},"13":{"start":{"line":31,"column":0},"end":{"line":31,"column":93}},"14":{"start":{"line":33,"column":0},"end":{"line":33,"column":24}}},"fnMap":{},"branchMap":{},"s":{"0":5,"1":5,"2":5,"3":5,"4":5,"5":5,"6":5,"7":5,"8":5,"9":5,"10":5,"11":5,"12":5,"13":5,"14":5},"f":{},"b":{},"_coverageSchema":"1a1c01bbd47fc00a2c39e90264f33305004495a9","hash":"212d405531222201e450aa73ac54eb4d981d6943"}
,"C:\\Users\\mdaya\\Desktop\\MUBARAK WEBAPP\\backend\\routes\\storeRoutes.js": {"path":"C:\\Users\\mdaya\\Desktop\\MUBARAK WEBAPP\\backend\\routes\\storeRoutes.js","statementMap":{"0":{"start":{"line":1,"column":16},"end":{"line":1,"column":34}},"1":{"start":{"line":2,"column":15},"end":{"line":2,"column":31}},"2":{"start":{"line":10,"column":4},"end":{"line":10,"column":45}},"3":{"start":{"line":11,"column":31},"end":{"line":11,"column":70}},"4":{"start":{"line":12,"column":32},"end":{"line":12,"column":72}},"5":{"start":{"line":13,"column":64},"end":{"line":13,"column":99}},"6":{"start":{"line":15,"column":0},"end":{"line":15,"column":59}},"7":{"start":{"line":16,"column":0},"end":{"line":16,"column":50}},"8":{"start":{"line":19,"column":0},"end":{"line":19,"column":59}},"9":{"start":{"line":20,"column":0},"end":{"line":20,"column":74}},"10":{"start":{"line":21,"column":0},"end":{"line":21,"column":103}},"11":{"start":{"line":22,"column":0},"end":{"line":22,"column":81}},"12":{"start":{"line":24,"column":0},"end":{"line":24,"column":24}}},"fnMap":{},"branchMap":{},"s":{"0":5,"1":5,"2":5,"3":5,"4":5,"5":5,"6":5,"7":5,"8":5,"9":5,"10":5,"11":5,"12":5},"f":{},"b":{},"_coverageSchema":"1a1c01bbd47fc00a2c39e90264f33305004495a9","hash":"ae7728f1c4b0fb9fac9235bbd1b10fd4bacc539b"}
,"C:\\Users\\mdaya\\Desktop\\MUBARAK WEBAPP\\backend\\services\\AuthService.js": {"path":"C:\\Users\\mdaya\\Desktop\\MUBARAK WEBAPP\\backend\\services\\AuthService.js","statementMap":{"0":{"start":{"line":1,"column":13},"end":{"line":1,"column":38}},"1":{"start":{"line":2,"column":17},"end":{"line":2,"column":45}},"2":{"start":{"line":3,"column":12},"end":{"line":3,"column":35}},"3":{"start":{"line":4,"column":15},"end":{"line":4,"column":34}},"4":{"start":{"line":11,"column":28},"end":{"line":15,"column":9}},"5":{"start":{"line":16,"column":29},"end":{"line":20,"column":9}},"6":{"start":{"line":21,"column":8},"end":{"line":21,"column":45}},"7":{"start":{"line":28,"column":22},"end":{"line":28,"column":51}},"8":{"start":{"line":31,"column":8},"end":{"line":35,"column":9}},"9":{"start":{"line":32,"column":12},"end":{"line":32,"column":69}},"10":{"start":{"line":34,"column":12},"end":{"line":34,"column":65}},"11":{"start":{"line":37,"column":46},"end":{"line":37,"column":58}},"12":{"start":{"line":38,"column":19},"end":{"line":38,"column":59}},"13":{"start":{"line":40,"column":8},"end":{"line":49,"column":9}},"14":{"start":{"line":41,"column":12},"end":{"line":48,"column":15}},"15":{"start":{"line":51,"column":8},"end":{"line":54,"column":10}},"16":{"start":{"line":61,"column":21},"end":{"line":61,"column":70}},"17":{"start":{"line":63,"column":8},"end":{"line":65,"column":9}},"18":{"start":{"line":64,"column":12},"end":{"line":64,"column":59}},"19":{"start":{"line":67,"column":24},"end":{"line":67,"column":69}},"20":{"start":{"line":68,"column":8},"end":{"line":70,"column":9}},"21":{"start":{"line":69,"column":12},"end":{"line":69,"column":59}},"22":{"start":{"line":72,"column":8},"end":{"line":75,"column":10}},"23":{"start":{"line":82,"column":43},"end":{"line":82,"column":51}},"24":{"start":{"line":85,"column":8},"end":{"line":87,"column":9}},"25":{"start":{"line":86,"column":12},"end":{"line":86,"column":60}},"26":{"start":{"line":89,"column":27},"end":{"line":89,"column":78}},"27":{"start":{"line":90,"column":8},"end":{"line":92,"column":9}},"28":{"start":{"line":91,"column":12},"end":{"line":91,"column":84}},"29":{"start":{"line":94,"column":21},"end":{"line":94,"column":45}},"30":{"start":{"line":95,"column":31},"end":{"line":95,"column":64}},"31":{"start":{"line":97,"column":21},"end":{"line":101,"column":10}},"32":{"start":{"line":103,"column":8},"end":{"line":103,"column":20}},"33":{"start":{"line":110,"column":8},"end":{"line":118,"column":9}},"34":{"start":{"line":111,"column":28},"end":{"line":111,"column":84}},"35":{"start":{"line":112,"column":25},"end":{"line":112,"column":56}},"36":{"start":{"line":113,"column":12},"end":{"line":113,"column":65}},"37":{"start":{"line":113,"column":23},"end":{"line":113,"column":65}},"38":{"start":{"line":115,"column":12},"end":{"line":115,"column":45}},"39":{"start":{"line":117,"column":12},"end":{"line":117,"column":61}},"40":{"start":{"line":122,"column":0},"end":{"line":122,"column":29}}},"fnMap":{"0":{"name":"(anonymous_0)","decl":{"start":{"line":10,"column":4},"end":{"line":10,"column":5}},"loc":{"start":{"line":10,"column":32},"end":{"line":22,"column":5}},"line":10},"1":{"name":"(anonymous_1)","decl":{"start":{"line":27,"column":4},"end":{"line":27,"column":5}},"loc":{"start":{"line":27,"column":39},"end":{"line":55,"column":5}},"line":27},"2":{"name":"(anonymous_2)","decl":{"start":{"line":60,"column":4},"end":{"line":60,"column":5}},"loc":{"start":{"line":60,"column":45},"end":{"line":76,"column":5}},"line":60},"3":{"name":"(anonymous_3)","decl":{"start":{"line":81,"column":4},"end":{"line":81,"column":5}},"loc":{"start":{"line":81,"column":38},"end":{"line":104,"column":5}},"line":81},"4":{"name":"(anonymous_4)","decl":{"start":{"line":109,"column":4},"end":{"line":109,"column":5}},"loc":{"start":{"line":109,"column":50},"end":{"line":119,"column":5}},"line":109}},"branchMap":{"0":{"loc":{"start":{"line":40,"column":8},"end":{"line":49,"column":9}},"type":"if","locations":[{"start":{"line":40,"column":8},"end":{"line":49,"column":9}},{"start":{},"end":{}}],"line":40},"1":{"loc":{"start":{"line":44,"column":22},"end":{"line":44,"column":49}},"type":"binary-expr","locations":[{"start":{"line":44,"column":22},"end":{"line":44,"column":26}},{"start":{"line":44,"column":30},"end":{"line":44,"column":49}}],"line":44},"2":{"loc":{"start":{"line":45,"column":26},"end":{"line":45,"column":39}},"type":"binary-expr","locations":[{"start":{"line":45,"column":26},"end":{"line":45,"column":33}},{"start":{"line":45,"column":37},"end":{"line":45,"column":39}}],"line":45},"3":{"loc":{"start":{"line":63,"column":8},"end":{"line":65,"column":9}},"type":"if","locations":[{"start":{"line":63,"column":8},"end":{"line":65,"column":9}},{"start":{},"end":{}}],"line":63},"4":{"loc":{"start":{"line":63,"column":12},"end":{"line":63,"column":85}},"type":"binary-expr","locations":[{"start":{"line":63,"column":12},"end":{"line":63,"column":17}},{"start":{"line":63,"column":21},"end":{"line":63,"column":85}}],"line":63},"5":{"loc":{"start":{"line":68,"column":8},"end":{"line":70,"column":9}},"type":"if","locations":[{"start":{"line":68,"column":8},"end":{"line":70,"column":9}},{"start":{},"end":{}}],"line":68},"6":{"loc":{"start":{"line":85,"column":8},"end":{"line":87,"column":9}},"type":"if","locations":[{"start":{"line":85,"column":8},"end":{"line":87,"column":9}},{"start":{},"end":{}}],"line":85},"7":{"loc":{"start":{"line":90,"column":8},"end":{"line":92,"column":9}},"type":"if","locations":[{"start":{"line":90,"column":8},"end":{"line":92,"column":9}},{"start":{},"end":{}}],"line":90},"8":{"loc":{"start":{"line":113,"column":12},"end":{"line":113,"column":65}},"type":"if","locations":[{"start":{"line":113,"column":12},"end":{"line":113,"column":65}},{"start":{},"end":{}}],"line":113}},"s":{"0":5,"1":5,"2":5,"3":5,"4":2,"5":2,"6":2,"7":0,"8":0,"9":0,"10":0,"11":0,"12":0,"13":0,"14":0,"15":0,"16":4,"17":4,"18":2,"19":2,"20":2,"21":0,"22":2,"23":1,"24":1,"25":0,"26":1,"27":1,"28":0,"29":1,"30":1,"31":1,"32":1,"33":0,"34":0,"35":0,"36":0,"37":0,"38":0,"39":0,"40":5},"f":{"0":2,"1":0,"2":4,"3":1,"4":0},"b":{"0":[0,0],"1":[0,0],"2":[0,0],"3":[2,2],"4":[4,3],"5":[0,2],"6":[0,1],"7":[0,1],"8":[0,0]},"_coverageSchema":"1a1c01bbd47fc00a2c39e90264f33305004495a9","hash":"ebdf43b238bc71d9a9af676b28b29d170155d717"}
,"C:\\Users\\mdaya\\Desktop\\MUBARAK WEBAPP\\backend\\services\\MapService.js": {"path":"C:\\Users\\mdaya\\Desktop\\MUBARAK WEBAPP\\backend\\services\\MapService.js","statementMap":{"0":{"start":{"line":1,"column":14},"end":{"line":1,"column":30}},"1":{"start":{"line":2,"column":17},"end":{"line":2,"column":45}},"2":{"start":{"line":3,"column":15},"end":{"line":3,"column":41}},"3":{"start":{"line":10,"column":8},"end":{"line":10,"column":30}},"4":{"start":{"line":10,"column":20},"end":{"line":10,"column":30}},"5":{"start":{"line":12,"column":8},"end":{"line":32,"column":9}},"6":{"start":{"line":13,"column":29},"end":{"line":22,"column":13}},"7":{"start":{"line":24,"column":12},"end":{"line":26,"column":13}},"8":{"start":{"line":25,"column":16},"end":{"line":25,"column":85}},"9":{"start":{"line":28,"column":12},"end":{"line":28,"column":45}},"10":{"start":{"line":30,"column":12},"end":{"line":30,"column":68}},"11":{"start":{"line":31,"column":12},"end":{"line":31,"column":75}},"12":{"start":{"line":39,"column":8},"end":{"line":59,"column":9}},"13":{"start":{"line":40,"column":29},"end":{"line":49,"column":13}},"14":{"start":{"line":51,"column":12},"end":{"line":53,"column":13}},"15":{"start":{"line":52,"column":16},"end":{"line":52,"column":85}},"16":{"start":{"line":55,"column":12},"end":{"line":55,"column":58}},"17":{"start":{"line":57,"column":12},"end":{"line":57,"column":71}},"18":{"start":{"line":58,"column":12},"end":{"line":58,"column":69}},"19":{"start":{"line":67,"column":18},"end":{"line":67,"column":22}},"20":{"start":{"line":68,"column":21},"end":{"line":68,"column":52}},"21":{"start":{"line":69,"column":21},"end":{"line":69,"column":52}},"22":{"start":{"line":71,"column":12},"end":{"line":75,"column":30}},"23":{"start":{"line":76,"column":18},"end":{"line":76,"column":64}},"24":{"start":{"line":77,"column":8},"end":{"line":77,"column":21}},"25":{"start":{"line":81,"column":0},"end":{"line":81,"column":28}}},"fnMap":{"0":{"name":"(anonymous_0)","decl":{"start":{"line":9,"column":4},"end":{"line":9,"column":5}},"loc":{"start":{"line":9,"column":46},"end":{"line":33,"column":5}},"line":9},"1":{"name":"(anonymous_1)","decl":{"start":{"line":38,"column":4},"end":{"line":38,"column":5}},"loc":{"start":{"line":38,"column":42},"end":{"line":60,"column":5}},"line":38},"2":{"name":"(anonymous_2)","decl":{"start":{"line":65,"column":4},"end":{"line":65,"column":5}},"loc":{"start":{"line":65,"column":53},"end":{"line":78,"column":5}},"line":65}},"branchMap":{"0":{"loc":{"start":{"line":10,"column":8},"end":{"line":10,"column":30}},"type":"if","locations":[{"start":{"line":10,"column":8},"end":{"line":10,"column":30}},{"start":{},"end":{}}],"line":10},"1":{"loc":{"start":{"line":24,"column":12},"end":{"line":26,"column":13}},"type":"if","locations":[{"start":{"line":24,"column":12},"end":{"line":26,"column":13}},{"start":{},"end":{}}],"line":24},"2":{"loc":{"start":{"line":24,"column":16},"end":{"line":24,"column":88}},"type":"binary-expr","locations":[{"start":{"line":24,"column":16},"end":{"line":24,"column":45}},{"start":{"line":24,"column":49},"end":{"line":24,"column":88}}],"line":24},"3":{"loc":{"start":{"line":25,"column":32},"end":{"line":25,"column":83}},"type":"binary-expr","locations":[{"start":{"line":25,"column":32},"end":{"line":25,"column":59}},{"start":{"line":25,"column":63},"end":{"line":25,"column":83}}],"line":25},"4":{"loc":{"start":{"line":51,"column":12},"end":{"line":53,"column":13}},"type":"if","locations":[{"start":{"line":51,"column":12},"end":{"line":53,"column":13}},{"start":{},"end":{}}],"line":51},"5":{"loc":{"start":{"line":52,"column":32},"end":{"line":52,"column":83}},"type":"binary-expr","locations":[{"start":{"line":52,"column":32},"end":{"line":52,"column":59}},{"start":{"line":52,"column":63},"end":{"line":52,"column":83}}],"line":52}},"s":{"0":5,"1":5,"2":5,"3":0,"4":0,"5":0,"6":0,"7":0,"8":0,"9":0,"10":0,"11":0,"12":0,"13":0,"14":0,"15":0,"16":0,"17":0,"18":0,"19":0,"20":0,"21":0,"22":0,"23":0,"24":0,"25":5},"f":{"0":0,"1":0,"2":0},"b":{"0":[0,0],"1":[0,0],"2":[0,0],"3":[0,0],"4":[0,0],"5":[0,0]},"_coverageSchema":"1a1c01bbd47fc00a2c39e90264f33305004495a9","hash":"fb1661a479ba6e459afd097e4138c9bc09210afd"}
,"C:\\Users\\mdaya\\Desktop\\MUBARAK WEBAPP\\backend\\services\\OrderService.js": {"path":"C:\\Users\\mdaya\\Desktop\\MUBARAK WEBAPP\\backend\\services\\OrderService.js","statementMap":{"0":{"start":{"line":1,"column":14},"end":{"line":1,"column":40}},"1":{"start":{"line":2,"column":16},"end":{"line":2,"column":44}},"2":{"start":{"line":3,"column":14},"end":{"line":3,"column":40}},"3":{"start":{"line":4,"column":17},"end":{"line":4,"column":45}},"4":{"start":{"line":5,"column":22},"end":{"line":5,"column":56}},"5":{"start":{"line":6,"column":23},"end":{"line":6,"column":49}},"6":{"start":{"line":13,"column":53},"end":{"line":13,"column":62}},"7":{"start":{"line":16,"column":23},"end":{"line":16,"column":53}},"8":{"start":{"line":17,"column":8},"end":{"line":17,"column":65}},"9":{"start":{"line":17,"column":21},"end":{"line":17,"column":65}},"10":{"start":{"line":18,"column":8},"end":{"line":18,"column":86}},"11":{"start":{"line":18,"column":30},"end":{"line":18,"column":86}},"12":{"start":{"line":21,"column":26},"end":{"line":21,"column":27}},"13":{"start":{"line":22,"column":31},"end":{"line":22,"column":33}},"14":{"start":{"line":24,"column":8},"end":{"line":56,"column":9}},"15":{"start":{"line":25,"column":28},"end":{"line":25,"column":66}},"16":{"start":{"line":26,"column":12},"end":{"line":26,"column":89}},"17":{"start":{"line":26,"column":26},"end":{"line":26,"column":89}},"18":{"start":{"line":28,"column":34},"end":{"line":28,"column":95}},"19":{"start":{"line":28,"column":63},"end":{"line":28,"column":94}},"20":{"start":{"line":29,"column":12},"end":{"line":31,"column":13}},"21":{"start":{"line":30,"column":16},"end":{"line":30,"column":106}},"22":{"start":{"line":33,"column":29},"end":{"line":38,"column":14}},"23":{"start":{"line":40,"column":31},"end":{"line":40,"column":82}},"24":{"start":{"line":41,"column":28},"end":{"line":41,"column":62}},"25":{"start":{"line":43,"column":12},"end":{"line":45,"column":13}},"26":{"start":{"line":44,"column":16},"end":{"line":44,"column":115}},"27":{"start":{"line":47,"column":12},"end":{"line":47,"column":54}},"28":{"start":{"line":48,"column":12},"end":{"line":55,"column":15}},"29":{"start":{"line":59,"column":22},"end":{"line":70,"column":10}},"30":{"start":{"line":73,"column":8},"end":{"line":77,"column":11}},"31":{"start":{"line":79,"column":8},"end":{"line":79,"column":21}},"32":{"start":{"line":86,"column":22},"end":{"line":86,"column":88}},"33":{"start":{"line":87,"column":8},"end":{"line":87,"column":63}},"34":{"start":{"line":87,"column":20},"end":{"line":87,"column":63}},"35":{"start":{"line":90,"column":8},"end":{"line":92,"column":9}},"36":{"start":{"line":91,"column":12},"end":{"line":91,"column":57}},"37":{"start":{"line":94,"column":25},"end":{"line":102,"column":9}},"38":{"start":{"line":104,"column":8},"end":{"line":104,"column":30}},"39":{"start":{"line":105,"column":8},"end":{"line":105,"column":48}},"40":{"start":{"line":105,"column":22},"end":{"line":105,"column":48}},"41":{"start":{"line":108,"column":8},"end":{"line":111,"column":11}},"42":{"start":{"line":113,"column":29},"end":{"line":113,"column":47}},"43":{"start":{"line":116,"column":8},"end":{"line":121,"column":11}},"44":{"start":{"line":123,"column":8},"end":{"line":128,"column":9}},"45":{"start":{"line":124,"column":12},"end":{"line":127,"column":15}},"46":{"start":{"line":130,"column":8},"end":{"line":130,"column":28}},"47":{"start":{"line":134,"column":23},"end":{"line":134,"column":35}},"48":{"start":{"line":135,"column":8},"end":{"line":135,"column":43}},"49":{"start":{"line":135,"column":20},"end":{"line":135,"column":43}},"50":{"start":{"line":137,"column":8},"end":{"line":140,"column":36}},"51":{"start":{"line":144,"column":0},"end":{"line":144,"column":30}}},"fnMap":{"0":{"name":"(anonymous_0)","decl":{"start":{"line":12,"column":4},"end":{"line":12,"column":5}},"loc":{"start":{"line":12,"column":51},"end":{"line":80,"column":5}},"line":12},"1":{"name":"(anonymous_1)","decl":{"start":{"line":28,"column":58},"end":{"line":28,"column":59}},"loc":{"start":{"line":28,"column":63},"end":{"line":28,"column":94}},"line":28},"2":{"name":"(anonymous_2)","decl":{"start":{"line":85,"column":4},"end":{"line":85,"column":5}},"loc":{"start":{"line":85,"column":63},"end":{"line":131,"column":5}},"line":85},"3":{"name":"(anonymous_3)","decl":{"start":{"line":133,"column":4},"end":{"line":133,"column":5}},"loc":{"start":{"line":133,"column":51},"end":{"line":141,"column":5}},"line":133}},"branchMap":{"0":{"loc":{"start":{"line":17,"column":8},"end":{"line":17,"column":65}},"type":"if","locations":[{"start":{"line":17,"column":8},"end":{"line":17,"column":65}},{"start":{},"end":{}}],"line":17},"1":{"loc":{"start":{"line":18,"column":8},"end":{"line":18,"column":86}},"type":"if","locations":[{"start":{"line":18,"column":8},"end":{"line":18,"column":86}},{"start":{},"end":{}}],"line":18},"2":{"loc":{"start":{"line":26,"column":12},"end":{"line":26,"column":89}},"type":"if","locations":[{"start":{"line":26,"column":12},"end":{"line":26,"column":89}},{"start":{},"end":{}}],"line":26},"3":{"loc":{"start":{"line":29,"column":12},"end":{"line":31,"column":13}},"type":"if","locations":[{"start":{"line":29,"column":12},"end":{"line":31,"column":13}},{"start":{},"end":{}}],"line":29},"4":{"loc":{"start":{"line":40,"column":31},"end":{"line":40,"column":82}},"type":"cond-expr","locations":[{"start":{"line":40,"column":42},"end":{"line":40,"column":56}},{"start":{"line":40,"column":59},"end":{"line":40,"column":82}}],"line":40},"5":{"loc":{"start":{"line":41,"column":28},"end":{"line":41,"column":62}},"type":"cond-expr","locations":[{"start":{"line":41,"column":39},"end":{"line":41,"column":55}},{"start":{"line":41,"column":58},"end":{"line":41,"column":62}}],"line":41},"6":{"loc":{"start":{"line":43,"column":12},"end":{"line":45,"column":13}},"type":"if","locations":[{"start":{"line":43,"column":12},"end":{"line":45,"column":13}},{"start":{},"end":{}}],"line":43},"7":{"loc":{"start":{"line":54,"column":29},"end":{"line":54,"column":59}},"type":"binary-expr","locations":[{"start":{"line":54,"column":29},"end":{"line":54,"column":45}},{"start":{"line":54,"column":49},"end":{"line":54,"column":59}}],"line":54},"8":{"loc":{"start":{"line":87,"column":8},"end":{"line":87,"column":63}},"type":"if","locations":[{"start":{"line":87,"column":8},"end":{"line":87,"column":63}},{"start":{},"end":{}}],"line":87},"9":{"loc":{"start":{"line":90,"column":8},"end":{"line":92,"column":9}},"type":"if","locations":[{"start":{"line":90,"column":8},"end":{"line":92,"column":9}},{"start":{},"end":{}}],"line":90},"10":{"loc":{"start":{"line":90,"column":12},"end":{"line":90,"column":92}},"type":"binary-expr","locations":[{"start":{"line":90,"column":12},"end":{"line":90,"column":34}},{"start":{"line":90,"column":38},"end":{"line":90,"column":92}}],"line":90},"11":{"loc":{"start":{"line":105,"column":8},"end":{"line":105,"column":48}},"type":"if","locations":[{"start":{"line":105,"column":8},"end":{"line":105,"column":48}},{"start":{},"end":{}}],"line":105},"12":{"loc":{"start":{"line":110,"column":21},"end":{"line":110,"column":70}},"type":"binary-expr","locations":[{"start":{"line":110,"column":21},"end":{"line":110,"column":37}},{"start":{"line":110,"column":41},"end":{"line":110,"column":70}}],"line":110},"13":{"loc":{"start":{"line":119,"column":21},"end":{"line":119,"column":90}},"type":"binary-expr","locations":[{"start":{"line":119,"column":21},"end":{"line":119,"column":37}},{"start":{"line":119,"column":41},"end":{"line":119,"column":90}}],"line":119},"14":{"loc":{"start":{"line":123,"column":8},"end":{"line":128,"column":9}},"type":"if","locations":[{"start":{"line":123,"column":8},"end":{"line":128,"column":9}},{"start":{},"end":{}}],"line":123},"15":{"loc":{"start":{"line":123,"column":12},"end":{"line":123,"column":45}},"type":"binary-expr","locations":[{"start":{"line":123,"column":12},"end":{"line":123,"column":33}},{"start":{"line":123,"column":37},"end":{"line":123,"column":45}}],"line":123},"16":{"loc":{"start":{"line":135,"column":8},"end":{"line":135,"column":43}},"type":"if","locations":[{"start":{"line":135,"column":8},"end":{"line":135,"column":43}},{"start":{},"end":{}}],"line":135}},"s":{"0":5,"1":5,"2":5,"3":5,"4":5,"5":5,"6":0,"7":0,"8":0,"9":0,"10":0,"11":0,"12":0,"13":0,"14":0,"15":0,"16":0,"17":0,"18":0,"19":0,"20":0,"21":0,"22":0,"23":0,"24":0,"25":0,"26":0,"27":0,"28":0,"29":0,"30":0,"31":0,"32":0,"33":0,"34":0,"35":0,"36":0,"37":0,"38":0,"39":0,"40":0,"41":0,"42":0,"43":0,"44":0,"45":0,"46":0,"47":0,"48":0,"49":0,"50":0,"51":5},"f":{"0":0,"1":0,"2":0,"3":0},"b":{"0":[0,0],"1":[0,0],"2":[0,0],"3":[0,0],"4":[0,0],"5":[0,0],"6":[0,0],"7":[0,0],"8":[0,0],"9":[0,0],"10":[0,0],"11":[0,0],"12":[0,0],"13":[0,0],"14":[0,0],"15":[0,0],"16":[0,0]},"_coverageSchema":"1a1c01bbd47fc00a2c39e90264f33305004495a9","hash":"d927d831153fa195c89c459739f05b0720891dba"}
,"C:\\Users\\mdaya\\Desktop\\MUBARAK WEBAPP\\backend\\services\\ProductService.js": {"path":"C:\\Users\\mdaya\\Desktop\\MUBARAK WEBAPP\\backend\\services\\ProductService.js","statementMap":{"0":{"start":{"line":1,"column":16},"end":{"line":1,"column":44}},"1":{"start":{"line":2,"column":22},"end":{"line":2,"column":56}},"2":{"start":{"line":3,"column":17},"end":{"line":3,"column":45}},"3":{"start":{"line":4,"column":17},"end":{"line":4,"column":36}},"4":{"start":{"line":11,"column":58},"end":{"line":11,"column":63}},"5":{"start":{"line":13,"column":25},"end":{"line":15,"column":9}},"6":{"start":{"line":17,"column":8},"end":{"line":19,"column":9}},"7":{"start":{"line":18,"column":12},"end":{"line":18,"column":95}},"8":{"start":{"line":22,"column":8},"end":{"line":73,"column":9}},"9":{"start":{"line":23,"column":12},"end":{"line":72,"column":14}},"10":{"start":{"line":75,"column":8},"end":{"line":75,"column":49}},"11":{"start":{"line":83,"column":27},"end":{"line":83,"column":78}},"12":{"start":{"line":85,"column":8},"end":{"line":89,"column":11}},"13":{"start":{"line":96,"column":8},"end":{"line":98,"column":9}},"14":{"start":{"line":97,"column":12},"end":{"line":97,"column":86}},"15":{"start":{"line":100,"column":8},"end":{"line":103,"column":11}},"16":{"start":{"line":110,"column":8},"end":{"line":112,"column":9}},"17":{"start":{"line":111,"column":12},"end":{"line":111,"column":86}},"18":{"start":{"line":114,"column":8},"end":{"line":114,"column":52}},"19":{"start":{"line":115,"column":8},"end":{"line":115,"column":79}},"20":{"start":{"line":119,"column":0},"end":{"line":119,"column":32}}},"fnMap":{"0":{"name":"(anonymous_0)","decl":{"start":{"line":10,"column":4},"end":{"line":10,"column":5}},"loc":{"start":{"line":10,"column":36},"end":{"line":76,"column":5}},"line":10},"1":{"name":"(anonymous_1)","decl":{"start":{"line":81,"column":4},"end":{"line":81,"column":5}},"loc":{"start":{"line":81,"column":50},"end":{"line":90,"column":5}},"line":81},"2":{"name":"(anonymous_2)","decl":{"start":{"line":95,"column":4},"end":{"line":95,"column":5}},"loc":{"start":{"line":95,"column":60},"end":{"line":104,"column":5}},"line":95},"3":{"name":"(anonymous_3)","decl":{"start":{"line":109,"column":4},"end":{"line":109,"column":5}},"loc":{"start":{"line":109,"column":48},"end":{"line":116,"column":5}},"line":109}},"branchMap":{"0":{"loc":{"start":{"line":11,"column":38},"end":{"line":11,"column":53}},"type":"default-arg","locations":[{"start":{"line":11,"column":49},"end":{"line":11,"column":53}}],"line":11},"1":{"loc":{"start":{"line":14,"column":34},"end":{"line":14,"column":74}},"type":"binary-expr","locations":[{"start":{"line":14,"column":34},"end":{"line":14,"column":51}},{"start":{"line":14,"column":55},"end":{"line":14,"column":74}}],"line":14},"2":{"loc":{"start":{"line":17,"column":8},"end":{"line":19,"column":9}},"type":"if","locations":[{"start":{"line":17,"column":8},"end":{"line":19,"column":9}},{"start":{},"end":{}}],"line":17},"3":{"loc":{"start":{"line":22,"column":8},"end":{"line":73,"column":9}},"type":"if","locations":[{"start":{"line":22,"column":8},"end":{"line":73,"column":9}},{"start":{},"end":{}}],"line":22},"4":{"loc":{"start":{"line":83,"column":27},"end":{"line":83,"column":78}},"type":"binary-expr","locations":[{"start":{"line":83,"column":27},"end":{"line":83,"column":48}},{"start":{"line":83,"column":52},"end":{"line":83,"column":78}}],"line":83},"5":{"loc":{"start":{"line":96,"column":8},"end":{"line":98,"column":9}},"type":"if","locations":[{"start":{"line":96,"column":8},"end":{"line":98,"column":9}},{"start":{},"end":{}}],"line":96},"6":{"loc":{"start":{"line":110,"column":8},"end":{"line":112,"column":9}},"type":"if","locations":[{"start":{"line":110,"column":8},"end":{"line":112,"column":9}},{"start":{},"end":{}}],"line":110}},"s":{"0":5,"1":5,"2":5,"3":5,"4":0,"5":0,"6":0,"7":0,"8":0,"9":0,"10":0,"11":1,"12":1,"13":0,"14":0,"15":0,"16":0,"17":0,"18":0,"19":0,"20":5},"f":{"0":0,"1":1,"2":0,"3":0},"b":{"0":[0],"1":[0,0],"2":[0,0],"3":[0,0],"4":[1,1],"5":[0,0],"6":[0,0]},"_coverageSchema":"1a1c01bbd47fc00a2c39e90264f33305004495a9","hash":"f3710f763d01cb975fa062c105915e18ac391ee5"}
,"C:\\Users\\mdaya\\Desktop\\MUBARAK WEBAPP\\backend\\utils\\ApiError.js": {"path":"C:\\Users\\mdaya\\Desktop\\MUBARAK WEBAPP\\backend\\utils\\ApiError.js","statementMap":{"0":{"start":{"line":3,"column":8},"end":{"line":3,"column":23}},"1":{"start":{"line":4,"column":8},"end":{"line":4,"column":37}},"2":{"start":{"line":5,"column":8},"end":{"line":5,"column":43}},"3":{"start":{"line":6,"column":8},"end":{"line":10,"column":9}},"4":{"start":{"line":7,"column":12},"end":{"line":7,"column":31}},"5":{"start":{"line":9,"column":12},"end":{"line":9,"column":60}},"6":{"start":{"line":14,"column":0},"end":{"line":14,"column":26}}},"fnMap":{"0":{"name":"(anonymous_0)","decl":{"start":{"line":2,"column":4},"end":{"line":2,"column":5}},"loc":{"start":{"line":2,"column":71},"end":{"line":11,"column":5}},"line":2}},"branchMap":{"0":{"loc":{"start":{"line":2,"column":37},"end":{"line":2,"column":57}},"type":"default-arg","locations":[{"start":{"line":2,"column":53},"end":{"line":2,"column":57}}],"line":2},"1":{"loc":{"start":{"line":2,"column":59},"end":{"line":2,"column":69}},"type":"default-arg","locations":[{"start":{"line":2,"column":67},"end":{"line":2,"column":69}}],"line":2},"2":{"loc":{"start":{"line":6,"column":8},"end":{"line":10,"column":9}},"type":"if","locations":[{"start":{"line":6,"column":8},"end":{"line":10,"column":9}},{"start":{"line":8,"column":15},"end":{"line":10,"column":9}}],"line":6}},"s":{"0":2,"1":2,"2":2,"3":2,"4":0,"5":2,"6":5},"f":{"0":2},"b":{"0":[2],"1":[2],"2":[0,2]},"_coverageSchema":"1a1c01bbd47fc00a2c39e90264f33305004495a9","hash":"7919442fe24e75c4a226e2d5ba9d65ebbeadc0af"}
,"C:\\Users\\mdaya\\Desktop\\MUBARAK WEBAPP\\backend\\utils\\logger.js": {"path":"C:\\Users\\mdaya\\Desktop\\MUBARAK WEBAPP\\backend\\utils\\logger.js","statementMap":{"0":{"start":{"line":1,"column":16},"end":{"line":1,"column":34}},"1":{"start":{"line":3,"column":15},"end":{"line":22,"column":2}},"2":{"start":{"line":24,"column":0},"end":{"line":24,"column":24}}},"fnMap":{},"branchMap":{"0":{"loc":{"start":{"line":4,"column":11},"end":{"line":4,"column":68}},"type":"cond-expr","locations":[{"start":{"line":4,"column":52},"end":{"line":4,"column":59}},{"start":{"line":4,"column":62},"end":{"line":4,"column":68}}],"line":4}},"s":{"0":5,"1":5,"2":5},"f":{},"b":{"0":[0,5]},"_coverageSchema":"1a1c01bbd47fc00a2c39e90264f33305004495a9","hash":"b513b9fc6021aadc7aeb2138585addb5924d3a63"}
,"C:\\Users\\mdaya\\Desktop\\MUBARAK WEBAPP\\backend\\utils\\socket.js": {"path":"C:\\Users\\mdaya\\Desktop\\MUBARAK WEBAPP\\backend\\utils\\socket.js","statementMap":{"0":{"start":{"line":1,"column":19},"end":{"line":1,"column":39}},"1":{"start":{"line":5,"column":19},"end":{"line":29,"column":1}},"2":{"start":{"line":6,"column":4},"end":{"line":12,"column":7}},"3":{"start":{"line":14,"column":4},"end":{"line":26,"column":7}},"4":{"start":{"line":15,"column":8},"end":{"line":15,"column":55}},"5":{"start":{"line":18,"column":8},"end":{"line":21,"column":11}},"6":{"start":{"line":19,"column":12},"end":{"line":19,"column":30}},"7":{"start":{"line":20,"column":12},"end":{"line":20,"column":71}},"8":{"start":{"line":23,"column":8},"end":{"line":25,"column":11}},"9":{"start":{"line":24,"column":12},"end":{"line":24,"column":57}},"10":{"start":{"line":28,"column":4},"end":{"line":28,"column":14}},"11":{"start":{"line":31,"column":14},"end":{"line":36,"column":1}},"12":{"start":{"line":32,"column":4},"end":{"line":34,"column":5}},"13":{"start":{"line":33,"column":8},"end":{"line":33,"column":54}},"14":{"start":{"line":35,"column":4},"end":{"line":35,"column":14}},"15":{"start":{"line":39,"column":19},"end":{"line":44,"column":1}},"16":{"start":{"line":40,"column":4},"end":{"line":43,"column":5}},"17":{"start":{"line":41,"column":8},"end":{"line":41,"column":38}},"18":{"start":{"line":42,"column":8},"end":{"line":42,"column":59}},"19":{"start":{"line":46,"column":0},"end":{"line":46,"column":51}}},"fnMap":{"0":{"name":"(anonymous_0)","decl":{"start":{"line":5,"column":19},"end":{"line":5,"column":20}},"loc":{"start":{"line":5,"column":31},"end":{"line":29,"column":1}},"line":5},"1":{"name":"(anonymous_1)","decl":{"start":{"line":14,"column":24},"end":{"line":14,"column":25}},"loc":{"start":{"line":14,"column":36},"end":{"line":26,"column":5}},"line":14},"2":{"name":"(anonymous_2)","decl":{"start":{"line":18,"column":26},"end":{"line":18,"column":27}},"loc":{"start":{"line":18,"column":36},"end":{"line":21,"column":9}},"line":18},"3":{"name":"(anonymous_3)","decl":{"start":{"line":23,"column":32},"end":{"line":23,"column":33}},"loc":{"start":{"line":23,"column":38},"end":{"line":25,"column":9}},"line":23},"4":{"name":"(anonymous_4)","decl":{"start":{"line":31,"column":14},"end":{"line":31,"column":15}},"loc":{"start":{"line":31,"column":20},"end":{"line":36,"column":1}},"line":31},"5":{"name":"(anonymous_5)","decl":{"start":{"line":39,"column":19},"end":{"line":39,"column":20}},"loc":{"start":{"line":39,"column":42},"end":{"line":44,"column":1}},"line":39}},"branchMap":{"0":{"loc":{"start":{"line":8,"column":20},"end":{"line":8,"column":49}},"type":"binary-expr","locations":[{"start":{"line":8,"column":20},"end":{"line":8,"column":42}},{"start":{"line":8,"column":46},"end":{"line":8,"column":49}}],"line":8},"1":{"loc":{"start":{"line":32,"column":4},"end":{"line":34,"column":5}},"type":"if","locations":[{"start":{"line":32,"column":4},"end":{"line":34,"column":5}},{"start":{},"end":{}}],"line":32},"2":{"loc":{"start":{"line":40,"column":4},"end":{"line":43,"column":5}},"type":"if","locations":[{"start":{"line":40,"column":4},"end":{"line":43,"column":5}},{"start":{},"end":{}}],"line":40}},"s":{"0":5,"1":5,"2":5,"3":5,"4":0,"5":0,"6":0,"7":0,"8":0,"9":0,"10":5,"11":5,"12":0,"13":0,"14":0,"15":5,"16":0,"17":0,"18":0,"19":5},"f":{"0":5,"1":0,"2":0,"3":0,"4":0,"5":0},"b":{"0":[5,0],"1":[0,0],"2":[0,0]},"_coverageSchema":"1a1c01bbd47fc00a2c39e90264f33305004495a9","hash":"1331a45819c0e7e2c3318dd3b6f48feaa5e83a3f"}
}
