TN:
SF:server.js
FN:27,(anonymous_0)
FN:64,(anonymous_1)
FNF:2
FNH:0
FNDA:0,(anonymous_0)
FNDA:0,(anonymous_1)
DA:1,5
DA:2,5
DA:4,5
DA:5,5
DA:6,5
DA:7,5
DA:8,5
DA:9,5
DA:12,5
DA:13,0
DA:16,5
DA:19,5
DA:20,5
DA:21,5
DA:22,5
DA:23,5
DA:24,5
DA:27,5
DA:28,0
DA:32,5
DA:35,5
DA:38,5
DA:41,5
DA:44,5
DA:45,5
DA:49,5
DA:53,5
DA:54,5
DA:55,5
DA:57,5
DA:60,5
DA:63,5
DA:64,0
DA:65,0
DA:70,5
LF:35
LH:31
BRDA:12,0,0,0
BRDA:12,0,1,5
BRDA:19,1,0,5
BRDA:19,1,1,0
BRDA:53,2,0,5
BRDA:53,2,1,0
BRDA:63,3,0,0
BRDA:63,3,1,5
BRF:8
BRH:4
end_of_record
TN:
SF:config\db.js
FN:3,(anonymous_0)
FNF:1
FNH:0
FNDA:0,(anonymous_0)
DA:1,5
DA:3,5
DA:4,0
DA:6,0
DA:7,0
DA:11,0
DA:12,0
DA:14,0
DA:15,0
DA:16,0
DA:21,5
LF:11
LH:3
BRDA:4,0,0,0
BRDA:4,0,1,0
BRDA:7,1,0,0
BRDA:7,1,1,0
BRDA:8,2,0,0
BRDA:8,2,1,0
BRDA:15,3,0,0
BRDA:15,3,1,0
BRF:8
BRH:0
end_of_record
TN:
SF:controllers\authController.js
FN:7,(anonymous_0)
FN:27,(anonymous_1)
FN:39,(anonymous_2)
FN:49,(anonymous_3)
FN:55,(anonymous_4)
FN:61,(anonymous_5)
FN:72,(anonymous_6)
FN:83,(anonymous_7)
FNF:8
FNH:4
FNDA:0,(anonymous_0)
FNDA:4,(anonymous_1)
FNDA:1,(anonymous_2)
FNDA:1,(anonymous_3)
FNDA:1,(anonymous_4)
FNDA:0,(anonymous_5)
FNDA:0,(anonymous_6)
FNDA:0,(anonymous_7)
DA:1,5
DA:2,5
DA:3,5
DA:7,5
DA:8,0
DA:9,0
DA:11,0
DA:18,0
DA:27,5
DA:28,4
DA:29,4
DA:31,2
DA:39,5
DA:40,1
DA:41,1
DA:42,0
DA:43,0
DA:45,1
DA:49,5
DA:50,1
DA:51,1
DA:55,5
DA:56,1
DA:57,1
DA:61,5
DA:62,0
DA:63,0
DA:64,0
DA:65,0
DA:67,0
DA:68,0
DA:72,5
DA:73,0
DA:74,0
DA:75,0
DA:76,0
DA:78,0
DA:79,0
DA:83,5
DA:84,0
DA:86,0
DA:89,0
DA:97,0
DA:108,0
DA:109,0
DA:111,0
DA:120,5
LF:47
LH:22
BRDA:41,0,0,0
BRDA:41,0,1,1
BRDA:63,1,0,0
BRDA:63,1,1,0
BRDA:74,2,0,0
BRDA:74,2,1,0
BRDA:98,3,0,0
BRDA:98,3,1,0
BRDA:99,4,0,0
BRDA:99,4,1,0
BRF:10
BRH:1
end_of_record
TN:
SF:controllers\deliveryController.js
FN:9,(anonymous_0)
FN:32,(anonymous_1)
FN:83,(anonymous_2)
FNF:3
FNH:0
FNDA:0,(anonymous_0)
FNDA:0,(anonymous_1)
FNDA:0,(anonymous_2)
DA:1,5
DA:2,5
DA:3,5
DA:4,5
DA:9,5
DA:10,0
DA:12,0
DA:13,0
DA:14,0
DA:15,0
DA:18,0
DA:27,0
DA:32,5
DA:33,0
DA:34,0
DA:37,0
DA:39,0
DA:40,0
DA:41,0
DA:44,0
DA:50,0
DA:51,0
DA:52,0
DA:55,0
DA:62,0
DA:63,0
DA:68,0
DA:71,0
DA:78,0
DA:83,5
DA:84,0
DA:86,0
DA:95,0
DA:98,5
LF:34
LH:8
BRDA:12,0,0,0
BRDA:12,0,1,0
BRDA:13,1,0,0
BRDA:13,1,1,0
BRDA:39,2,0,0
BRDA:39,2,1,0
BRDA:47,3,0,0
BRDA:47,3,1,0
BRDA:50,4,0,0
BRDA:50,4,1,0
BRDA:65,5,0,0
BRDA:65,5,1,0
BRDA:74,6,0,0
BRDA:74,6,1,0
BRF:14
BRH:0
end_of_record
TN:
SF:controllers\locationController.js
FN:6,(anonymous_0)
FN:14,(anonymous_1)
FNF:2
FNH:0
FNDA:0,(anonymous_0)
FNDA:0,(anonymous_1)
DA:1,5
DA:2,5
DA:6,5
DA:7,0
DA:8,0
DA:9,0
DA:14,5
DA:15,0
DA:16,0
DA:19,5
LF:10
LH:5
BRF:0
BRH:0
end_of_record
TN:
SF:controllers\orderController.js
FN:6,(anonymous_0)
FN:13,(anonymous_1)
FN:23,(anonymous_2)
FN:44,(anonymous_3)
FN:52,(anonymous_4)
FN:62,(anonymous_5)
FNF:6
FNH:0
FNDA:0,(anonymous_0)
FNDA:0,(anonymous_1)
FNDA:0,(anonymous_2)
FNDA:0,(anonymous_3)
FNDA:0,(anonymous_4)
FNDA:0,(anonymous_5)
DA:1,5
DA:2,5
DA:6,5
DA:7,0
DA:8,0
DA:13,5
DA:14,0
DA:15,0
DA:18,0
DA:23,5
DA:24,0
DA:25,0
DA:29,0
DA:30,0
DA:31,0
DA:34,0
DA:35,0
DA:36,0
DA:39,0
DA:44,5
DA:45,0
DA:46,0
DA:47,0
DA:52,5
DA:53,0
DA:57,0
DA:62,5
DA:63,0
DA:69,0
DA:72,5
LF:30
LH:9
BRDA:29,0,0,0
BRDA:29,0,1,0
BRDA:34,1,0,0
BRDA:34,1,1,0
BRDA:34,2,0,0
BRDA:34,2,1,0
BRDA:54,3,0,0
BRDA:54,3,1,0
BRF:8
BRH:0
end_of_record
TN:
SF:controllers\productController.js
FN:7,(anonymous_0)
FN:14,(anonymous_1)
FN:28,(anonymous_2)
FN:39,(anonymous_3)
FN:46,(anonymous_4)
FN:53,(anonymous_5)
FN:60,(anonymous_6)
FNF:7
FNH:1
FNDA:0,(anonymous_0)
FNDA:0,(anonymous_1)
FNDA:0,(anonymous_2)
FNDA:1,(anonymous_3)
FNDA:0,(anonymous_4)
FNDA:0,(anonymous_5)
FNDA:0,(anonymous_6)
DA:1,5
DA:2,5
DA:3,5
DA:7,5
DA:8,0
DA:9,0
DA:14,5
DA:15,0
DA:16,0
DA:18,0
DA:19,0
DA:20,0
DA:22,0
DA:23,0
DA:28,5
DA:29,0
DA:30,0
DA:31,0
DA:32,0
DA:34,0
DA:39,5
DA:40,1
DA:41,1
DA:46,5
DA:47,0
DA:48,0
DA:53,5
DA:54,0
DA:55,0
DA:60,5
DA:61,0
DA:62,0
DA:67,0
DA:70,5
LF:34
LH:13
BRDA:18,0,0,0
BRDA:18,0,1,0
BRDA:19,1,0,0
BRDA:19,1,1,0
BRDA:30,2,0,0
BRDA:30,2,1,0
BRDA:30,3,0,0
BRDA:30,3,1,0
BRF:8
BRH:0
end_of_record
TN:
SF:controllers\storeController.js
FN:16,(anonymous_0)
FN:57,(anonymous_1)
FN:63,(anonymous_2)
FN:73,(anonymous_3)
FN:79,(anonymous_4)
FN:104,(anonymous_5)
FNF:6
FNH:3
FNDA:3,(anonymous_0)
FNDA:0,(anonymous_1)
FNDA:1,(anonymous_2)
FNDA:1,(anonymous_3)
FNDA:0,(anonymous_4)
FNDA:0,(anonymous_5)
DA:1,5
DA:2,5
DA:5,5
DA:16,5
DA:17,3
DA:20,3
DA:21,1
DA:22,1
DA:23,1
DA:24,1
DA:28,3
DA:29,0
DA:30,0
DA:34,3
DA:46,3
DA:47,1
DA:48,1
DA:51,2
DA:57,5
DA:58,0
DA:59,0
DA:63,5
DA:64,1
DA:65,1
DA:66,1
DA:67,1
DA:69,0
DA:73,5
DA:74,1
DA:75,1
DA:79,5
DA:80,0
DA:82,0
DA:83,0
DA:84,0
DA:88,0
DA:89,0
DA:90,0
DA:93,0
DA:98,0
DA:104,5
DA:105,0
DA:107,0
DA:108,0
DA:109,0
DA:112,0
DA:113,0
DA:116,5
LF:48
LH:28
BRDA:20,0,0,1
BRDA:20,0,1,2
BRDA:20,1,0,3
BRDA:20,1,1,2
BRDA:20,1,2,1
BRDA:22,2,0,1
BRDA:22,2,1,0
BRDA:28,3,0,0
BRDA:28,3,1,3
BRDA:28,4,0,3
BRDA:28,4,1,3
BRDA:46,5,0,1
BRDA:46,5,1,2
BRDA:65,6,0,1
BRDA:65,6,1,0
BRDA:82,7,0,0
BRDA:82,7,1,0
BRDA:88,8,0,0
BRDA:88,8,1,0
BRDA:88,9,0,0
BRDA:88,9,1,0
BRDA:107,10,0,0
BRDA:107,10,1,0
BRF:23
BRH:12
end_of_record
TN:
SF:middleware\advancedQuery.js
FN:1,(anonymous_0)
FN:1,(anonymous_1)
FN:9,(anonymous_2)
FN:15,(anonymous_3)
FNF:4
FNH:0
FNDA:0,(anonymous_0)
FNDA:0,(anonymous_1)
FNDA:0,(anonymous_2)
FNDA:0,(anonymous_3)
DA:1,5
DA:5,0
DA:8,0
DA:9,0
DA:12,0
DA:15,0
DA:18,0
DA:21,0
DA:22,0
DA:23,0
DA:27,0
DA:28,0
DA:29,0
DA:31,0
DA:35,0
DA:36,0
DA:37,0
DA:38,0
DA:39,0
DA:41,0
DA:43,0
DA:44,0
DA:48,0
DA:51,0
DA:53,0
DA:54,0
DA:60,0
DA:61,0
DA:67,0
DA:74,0
DA:77,5
LF:31
LH:2
BRDA:21,0,0,0
BRDA:21,0,1,0
BRDA:27,1,0,0
BRDA:27,1,1,0
BRDA:35,2,0,0
BRDA:35,2,1,0
BRDA:36,3,0,0
BRDA:36,3,1,0
BRDA:43,4,0,0
BRDA:43,4,1,0
BRDA:53,5,0,0
BRDA:53,5,1,0
BRDA:60,6,0,0
BRDA:60,6,1,0
BRF:14
BRH:0
end_of_record
TN:
SF:middleware\authMiddleware.js
FN:6,(anonymous_0)
FN:36,(anonymous_1)
FN:37,(anonymous_2)
FNF:3
FNH:3
FNDA:7,(anonymous_0)
FNDA:80,(anonymous_1)
FNDA:5,(anonymous_2)
DA:1,5
DA:2,5
DA:3,5
DA:6,5
DA:9,7
DA:10,6
DA:11,6
DA:12,6
DA:15,6
DA:17,6
DA:18,0
DA:19,0
DA:22,6
DA:24,0
DA:25,0
DA:29,1
DA:30,1
DA:31,1
DA:36,5
DA:37,80
DA:38,5
DA:39,0
DA:40,0
DA:43,5
DA:44,4
DA:47,1
DA:48,1
DA:52,5
LF:28
LH:22
BRDA:9,0,0,6
BRDA:9,0,1,1
BRDA:9,1,0,7
BRDA:9,1,1,6
BRDA:17,2,0,0
BRDA:17,2,1,6
BRDA:29,3,0,1
BRDA:29,3,1,0
BRDA:38,4,0,0
BRDA:38,4,1,5
BRDA:43,5,0,4
BRDA:43,5,1,1
BRDA:43,6,0,5
BRDA:43,6,1,5
BRF:14
BRH:11
end_of_record
TN:
SF:middleware\errorMiddleware.js
FN:4,(anonymous_0)
FNF:1
FNH:1
FNDA:6,(anonymous_0)
DA:1,5
DA:2,5
DA:4,5
DA:5,6
DA:6,6
DA:8,6
DA:9,4
DA:10,4
DA:13,6
DA:15,6
DA:24,6
DA:25,0
DA:28,6
DA:31,5
LF:14
LH:13
BRDA:5,0,0,6
BRDA:5,0,1,4
BRDA:5,0,2,4
BRDA:6,1,0,6
BRDA:6,1,1,0
BRDA:8,2,0,4
BRDA:8,2,1,2
BRDA:9,3,0,4
BRDA:9,3,1,0
BRDA:10,4,0,4
BRDA:10,4,1,0
BRDA:20,5,0,6
BRDA:20,5,1,0
BRDA:24,6,0,0
BRDA:24,6,1,6
BRF:15
BRH:10
end_of_record
TN:
SF:middleware\storeMiddleware.js
FN:4,(anonymous_0)
FN:29,(anonymous_1)
FN:30,(anonymous_2)
FNF:3
FNH:0
FNDA:0,(anonymous_0)
FNDA:0,(anonymous_1)
FNDA:0,(anonymous_2)
DA:1,5
DA:4,5
DA:5,0
DA:8,0
DA:9,0
DA:13,0
DA:14,0
DA:15,0
DA:16,0
DA:20,0
DA:21,0
DA:25,0
DA:29,5
DA:30,0
DA:31,0
DA:34,0
DA:35,0
DA:39,0
DA:40,0
DA:42,0
DA:43,0
DA:44,0
DA:47,0
DA:48,0
DA:49,0
DA:53,0
DA:57,5
LF:27
LH:4
BRDA:8,0,0,0
BRDA:8,0,1,0
BRDA:13,1,0,0
BRDA:13,1,1,0
BRDA:14,2,0,0
BRDA:14,2,1,0
BRDA:29,3,0,0
BRDA:34,4,0,0
BRDA:34,4,1,0
BRDA:39,5,0,0
BRDA:39,5,1,0
BRDA:40,6,0,0
BRDA:40,6,1,0
BRDA:42,7,0,0
BRDA:42,7,1,0
BRDA:47,8,0,0
BRDA:47,8,1,0
BRF:17
BRH:0
end_of_record
TN:
SF:middleware\validation.js
FN:4,(anonymous_0)
FN:8,(anonymous_1)
FNF:2
FNH:1
FNDA:11,(anonymous_0)
FNDA:0,(anonymous_1)
DA:1,5
DA:4,5
DA:5,11
DA:6,11
DA:7,0
DA:8,0
DA:10,11
DA:14,5
DA:35,5
DA:42,5
DA:45,5
DA:53,5
DA:61,5
DA:71,5
DA:79,5
DA:89,5
LF:16
LH:14
BRDA:6,0,0,0
BRDA:6,0,1,11
BRF:2
BRH:1
end_of_record
TN:
SF:models\Category.js
FNF:0
FNH:0
DA:1,5
DA:3,5
DA:26,5
LF:3
LH:3
BRF:0
BRH:0
end_of_record
TN:
SF:models\Order.js
FNF:0
FNH:0
DA:1,5
DA:3,5
DA:76,5
DA:77,5
DA:78,5
DA:79,5
DA:81,5
LF:7
LH:7
BRF:0
BRH:0
end_of_record
TN:
SF:models\Product.js
FN:41,(anonymous_0)
FNF:1
FNH:1
FNDA:1,(anonymous_0)
DA:1,5
DA:3,5
DA:42,1
DA:62,5
DA:63,5
DA:65,5
LF:6
LH:6
BRDA:42,0,0,1
BRDA:42,0,1,0
BRF:2
BRH:1
end_of_record
TN:
SF:models\Store.js
FNF:0
FNH:0
DA:1,5
DA:3,5
DA:68,5
DA:69,5
DA:71,5
LF:5
LH:5
BRF:0
BRH:0
end_of_record
TN:
SF:models\User.js
FNF:0
FNH:0
DA:1,5
DA:3,5
DA:62,5
DA:63,5
DA:64,5
DA:66,5
LF:6
LH:6
BRF:0
BRH:0
end_of_record
TN:
SF:models\VendorProduct.js
FNF:0
FNH:0
DA:1,5
DA:3,5
DA:40,5
DA:41,5
DA:43,5
LF:5
LH:5
BRF:0
BRH:0
end_of_record
TN:
SF:routes\authRoutes.js
FNF:0
FNH:0
DA:1,5
DA:2,5
DA:12,5
DA:13,5
DA:14,5
DA:17,5
DA:20,5
DA:23,5
DA:26,5
DA:27,5
DA:30,5
DA:31,5
DA:32,5
DA:34,5
LF:14
LH:14
BRF:0
BRH:0
end_of_record
TN:
SF:routes\deliveryRoutes.js
FNF:0
FNH:0
DA:1,5
DA:2,5
DA:3,5
DA:4,5
DA:9,5
DA:12,5
DA:13,5
DA:14,5
DA:17,5
DA:20,5
DA:23,5
DA:25,5
LF:12
LH:12
BRF:0
BRH:0
end_of_record
TN:
SF:routes\locationRoutes.js
FNF:0
FNH:0
DA:1,5
DA:2,5
DA:3,5
DA:5,5
DA:6,5
DA:8,5
LF:6
LH:6
BRF:0
BRH:0
end_of_record
TN:
SF:routes\orderRoutes.js
FNF:0
FNH:0
DA:1,5
DA:2,5
DA:10,5
DA:11,5
DA:12,5
DA:13,5
DA:16,5
DA:19,5
DA:20,5
DA:23,5
DA:24,5
DA:25,5
DA:27,5
LF:13
LH:13
BRF:0
BRH:0
end_of_record
TN:
SF:routes\productRoutes.js
FNF:0
FNH:0
DA:1,5
DA:2,5
DA:11,5
DA:12,5
DA:13,5
DA:15,5
DA:16,5
DA:19,5
DA:20,5
DA:23,5
DA:26,5
DA:29,5
DA:30,5
DA:31,5
DA:33,5
LF:15
LH:15
BRF:0
BRH:0
end_of_record
TN:
SF:routes\storeRoutes.js
FNF:0
FNH:0
DA:1,5
DA:2,5
DA:10,5
DA:11,5
DA:12,5
DA:13,5
DA:15,5
DA:16,5
DA:19,5
DA:20,5
DA:21,5
DA:22,5
DA:24,5
LF:13
LH:13
BRF:0
BRH:0
end_of_record
TN:
SF:services\AuthService.js
FN:10,(anonymous_0)
FN:27,(anonymous_1)
FN:60,(anonymous_2)
FN:81,(anonymous_3)
FN:109,(anonymous_4)
FNF:5
FNH:3
FNDA:2,(anonymous_0)
FNDA:0,(anonymous_1)
FNDA:4,(anonymous_2)
FNDA:1,(anonymous_3)
FNDA:0,(anonymous_4)
DA:1,5
DA:2,5
DA:3,5
DA:4,5
DA:11,2
DA:16,2
DA:21,2
DA:28,0
DA:31,0
DA:32,0
DA:34,0
DA:37,0
DA:38,0
DA:40,0
DA:41,0
DA:51,0
DA:61,4
DA:63,4
DA:64,2
DA:67,2
DA:68,2
DA:69,0
DA:72,2
DA:82,1
DA:85,1
DA:86,0
DA:89,1
DA:90,1
DA:91,0
DA:94,1
DA:95,1
DA:97,1
DA:103,1
DA:110,0
DA:111,0
DA:112,0
DA:113,0
DA:115,0
DA:117,0
DA:122,5
LF:40
LH:22
BRDA:40,0,0,0
BRDA:40,0,1,0
BRDA:44,1,0,0
BRDA:44,1,1,0
BRDA:45,2,0,0
BRDA:45,2,1,0
BRDA:63,3,0,2
BRDA:63,3,1,2
BRDA:63,4,0,4
BRDA:63,4,1,3
BRDA:68,5,0,0
BRDA:68,5,1,2
BRDA:85,6,0,0
BRDA:85,6,1,1
BRDA:90,7,0,0
BRDA:90,7,1,1
BRDA:113,8,0,0
BRDA:113,8,1,0
BRF:18
BRH:7
end_of_record
TN:
SF:services\MapService.js
FN:9,(anonymous_0)
FN:38,(anonymous_1)
FN:65,(anonymous_2)
FNF:3
FNH:0
FNDA:0,(anonymous_0)
FNDA:0,(anonymous_1)
FNDA:0,(anonymous_2)
DA:1,5
DA:2,5
DA:3,5
DA:10,0
DA:12,0
DA:13,0
DA:24,0
DA:25,0
DA:28,0
DA:30,0
DA:31,0
DA:39,0
DA:40,0
DA:51,0
DA:52,0
DA:55,0
DA:57,0
DA:58,0
DA:67,0
DA:68,0
DA:69,0
DA:71,0
DA:76,0
DA:77,0
DA:81,5
LF:25
LH:4
BRDA:10,0,0,0
BRDA:10,0,1,0
BRDA:24,1,0,0
BRDA:24,1,1,0
BRDA:24,2,0,0
BRDA:24,2,1,0
BRDA:25,3,0,0
BRDA:25,3,1,0
BRDA:51,4,0,0
BRDA:51,4,1,0
BRDA:52,5,0,0
BRDA:52,5,1,0
BRF:12
BRH:0
end_of_record
TN:
SF:services\OrderService.js
FN:12,(anonymous_0)
FN:28,(anonymous_1)
FN:85,(anonymous_2)
FN:133,(anonymous_3)
FNF:4
FNH:0
FNDA:0,(anonymous_0)
FNDA:0,(anonymous_1)
FNDA:0,(anonymous_2)
FNDA:0,(anonymous_3)
DA:1,5
DA:2,5
DA:3,5
DA:4,5
DA:5,5
DA:6,5
DA:13,0
DA:16,0
DA:17,0
DA:18,0
DA:21,0
DA:22,0
DA:24,0
DA:25,0
DA:26,0
DA:28,0
DA:29,0
DA:30,0
DA:33,0
DA:40,0
DA:41,0
DA:43,0
DA:44,0
DA:47,0
DA:48,0
DA:59,0
DA:73,0
DA:79,0
DA:86,0
DA:87,0
DA:90,0
DA:91,0
DA:94,0
DA:104,0
DA:105,0
DA:108,0
DA:113,0
DA:116,0
DA:123,0
DA:124,0
DA:130,0
DA:134,0
DA:135,0
DA:137,0
DA:144,5
LF:45
LH:7
BRDA:17,0,0,0
BRDA:17,0,1,0
BRDA:18,1,0,0
BRDA:18,1,1,0
BRDA:26,2,0,0
BRDA:26,2,1,0
BRDA:29,3,0,0
BRDA:29,3,1,0
BRDA:40,4,0,0
BRDA:40,4,1,0
BRDA:41,5,0,0
BRDA:41,5,1,0
BRDA:43,6,0,0
BRDA:43,6,1,0
BRDA:54,7,0,0
BRDA:54,7,1,0
BRDA:87,8,0,0
BRDA:87,8,1,0
BRDA:90,9,0,0
BRDA:90,9,1,0
BRDA:90,10,0,0
BRDA:90,10,1,0
BRDA:105,11,0,0
BRDA:105,11,1,0
BRDA:110,12,0,0
BRDA:110,12,1,0
BRDA:119,13,0,0
BRDA:119,13,1,0
BRDA:123,14,0,0
BRDA:123,14,1,0
BRDA:123,15,0,0
BRDA:123,15,1,0
BRDA:135,16,0,0
BRDA:135,16,1,0
BRF:34
BRH:0
end_of_record
TN:
SF:services\ProductService.js
FN:10,(anonymous_0)
FN:81,(anonymous_1)
FN:95,(anonymous_2)
FN:109,(anonymous_3)
FNF:4
FNH:1
FNDA:0,(anonymous_0)
FNDA:1,(anonymous_1)
FNDA:0,(anonymous_2)
FNDA:0,(anonymous_3)
DA:1,5
DA:2,5
DA:3,5
DA:4,5
DA:11,0
DA:13,0
DA:17,0
DA:18,0
DA:22,0
DA:23,0
DA:75,0
DA:83,1
DA:85,1
DA:96,0
DA:97,0
DA:100,0
DA:110,0
DA:111,0
DA:114,0
DA:115,0
DA:119,5
LF:21
LH:7
BRDA:11,0,0,0
BRDA:14,1,0,0
BRDA:14,1,1,0
BRDA:17,2,0,0
BRDA:17,2,1,0
BRDA:22,3,0,0
BRDA:22,3,1,0
BRDA:83,4,0,1
BRDA:83,4,1,1
BRDA:96,5,0,0
BRDA:96,5,1,0
BRDA:110,6,0,0
BRDA:110,6,1,0
BRF:13
BRH:2
end_of_record
TN:
SF:utils\ApiError.js
FN:2,(anonymous_0)
FNF:1
FNH:1
FNDA:2,(anonymous_0)
DA:3,2
DA:4,2
DA:5,2
DA:6,2
DA:7,0
DA:9,2
DA:14,5
LF:7
LH:6
BRDA:2,0,0,2
BRDA:2,1,0,2
BRDA:6,2,0,0
BRDA:6,2,1,2
BRF:4
BRH:3
end_of_record
TN:
SF:utils\logger.js
FNF:0
FNH:0
DA:1,5
DA:3,5
DA:24,5
LF:3
LH:3
BRDA:4,0,0,0
BRDA:4,0,1,5
BRF:2
BRH:1
end_of_record
TN:
SF:utils\socket.js
FN:5,(anonymous_0)
FN:14,(anonymous_1)
FN:18,(anonymous_2)
FN:23,(anonymous_3)
FN:31,(anonymous_4)
FN:39,(anonymous_5)
FNF:6
FNH:1
FNDA:5,(anonymous_0)
FNDA:0,(anonymous_1)
FNDA:0,(anonymous_2)
FNDA:0,(anonymous_3)
FNDA:0,(anonymous_4)
FNDA:0,(anonymous_5)
DA:1,5
DA:5,5
DA:6,5
DA:14,5
DA:15,0
DA:18,0
DA:19,0
DA:20,0
DA:23,0
DA:24,0
DA:28,5
DA:31,5
DA:32,0
DA:33,0
DA:35,0
DA:39,5
DA:40,0
DA:41,0
DA:42,0
DA:46,5
LF:20
LH:8
BRDA:8,0,0,5
BRDA:8,0,1,0
BRDA:32,1,0,0
BRDA:32,1,1,0
BRDA:40,2,0,0
BRDA:40,2,1,0
BRF:6
BRH:1
end_of_record
